[rospy.client][INFO] 2021-06-21 07:44:10,472: init_node, name[/car_reset_node], pid[1337]
[xmlrpc][INFO] 2021-06-21 07:44:10,472: XML-RPC server binding to 0.0.0.0:0
[xmlrpc][INFO] 2021-06-21 07:44:10,473: Started XML-RPC server [http://c0cf3ac15434:43253/]
[rospy.impl.masterslave][INFO] 2021-06-21 07:44:10,473: _ready: http://c0cf3ac15434:43253/
[rospy.init][INFO] 2021-06-21 07:44:10,475: ROS Slave URI: [http://c0cf3ac15434:43253/]
[xmlrpc][INFO] 2021-06-21 07:44:10,483: xml rpc node: starting XML-RPC server
[rospy.registration][INFO] 2021-06-21 07:44:10,484: Registering with master node http://localhost:11311
[rospy.init][INFO] 2021-06-21 07:44:10,575: registered with master
[rospy.rosout][INFO] 2021-06-21 07:44:10,575: initializing /rosout core topic
[rospy.rosout][INFO] 2021-06-21 07:44:10,578: connected to core topic /rosout
[rospy.simtime][INFO] 2021-06-21 07:44:10,579: initializing /clock core topic
[rospy.simtime][INFO] 2021-06-21 07:44:10,581: connected to core topic /clock
[rospy.internal][INFO] 2021-06-21 07:44:10,599: topic[/clock] adding connection to [http://c0cf3ac15434:33597/], count 0
[rospy.internal][INFO] 2021-06-21 07:44:10,836: topic[/rosout] adding connection to [/rosout], count 0
[rospy.core][INFO] 2021-06-21 07:54:27,946: signal_shutdown [signal-2]
[rospy.internal][INFO] 2021-06-21 07:54:27,950: topic[/rosout] removing connection to /rosout
[rospy.internal][INFO] 2021-06-21 07:54:27,951: topic[/clock] removing connection to http://c0cf3ac15434:33597/
[rospy.impl.masterslave][INFO] 2021-06-21 07:54:27,951: signal-2
[rospy.internal][WARNING] 2021-06-21 07:54:27,951: Unknown error initiating TCP/IP socket to c0cf3ac15434:54609 (http://c0cf3ac15434:33597/): Traceback (most recent call last):
  File "/opt/ros/kinetic/lib/python2.7/dist-packages/rospy/impl/tcpros_base.py", line 558, in connect
    self.local_endpoint = self.socket.getsockname()
AttributeError: 'NoneType' object has no attribute 'getsockname'

[rospy.core][INFO] 2021-06-21 07:54:28,059: signal_shutdown [atexit]
