[rosmaster.main][INFO] 2021-06-21 07:44:06,722: initialization complete, waiting for shutdown
[rosmaster.main][INFO] 2021-06-21 07:44:06,722: Starting ROS Master Node
[xmlrpc][INFO] 2021-06-21 07:44:06,723: XML-RPC server binding to 0.0.0.0:11311
[xmlrpc][INFO] 2021-06-21 07:44:06,723: Started XML-RPC server [http://c0cf3ac15434:11311/]
[xmlrpc][INFO] 2021-06-21 07:44:06,723: xml rpc node: starting XML-RPC server
[rosmaster.master][INFO] 2021-06-21 07:44:06,723: Master initialized: port[11311], uri[http://c0cf3ac15434:11311/]
[rosmaster.master][INFO] 2021-06-21 07:44:06,732: +PUB [/rosout] /rviz_1624261445482166266 http://c0cf3ac15434:33609/
[rosmaster.master][INFO] 2021-06-21 07:44:06,733: +SERVICE [/rviz_1624261445482166266/get_loggers] /rviz_1624261445482166266 http://c0cf3ac15434:33609/
[rosmaster.master][INFO] 2021-06-21 07:44:06,734: +SERVICE [/rviz_1624261445482166266/set_logger_level] /rviz_1624261445482166266 http://c0cf3ac15434:33609/
[rosmaster.master][INFO] 2021-06-21 07:44:06,759: +PARAM [/run_id] by /roslaunch
[rosmaster.master][INFO] 2021-06-21 07:44:06,760: +PARAM [/roslaunch/uris/host_c0cf3ac15434__42895] by /roslaunch
[rosmaster.master][INFO] 2021-06-21 07:44:06,799: +SUB [/tf] /rviz_1624261445482166266 http://c0cf3ac15434:33609/
[rosmaster.master][INFO] 2021-06-21 07:44:06,802: +SUB [/tf_static] /rviz_1624261445482166266 http://c0cf3ac15434:33609/
[rosmaster.master][INFO] 2021-06-21 07:44:06,826: +PUB [/initialpose] /rviz_1624261445482166266 http://c0cf3ac15434:33609/
[rosmaster.master][INFO] 2021-06-21 07:44:06,827: +PUB [/goal] /rviz_1624261445482166266 http://c0cf3ac15434:33609/
[rosmaster.master][INFO] 2021-06-21 07:44:06,830: -PUB [/goal] /rviz_1624261445482166266 http://c0cf3ac15434:33609/
[rosmaster.master][INFO] 2021-06-21 07:44:06,830: -PUB [/initialpose] /rviz_1624261445482166266 http://c0cf3ac15434:33609/
[rosmaster.master][INFO] 2021-06-21 07:44:06,833: +PUB [/initialpose] /rviz_1624261445482166266 http://c0cf3ac15434:33609/
[rosmaster.master][INFO] 2021-06-21 07:44:06,834: +PUB [/goal] /rviz_1624261445482166266 http://c0cf3ac15434:33609/
[rosmaster.master][INFO] 2021-06-21 07:44:06,835: +PUB [/move_base_simple/goal] /rviz_1624261445482166266 http://c0cf3ac15434:33609/
[rosmaster.master][INFO] 2021-06-21 07:44:06,835: -PUB [/goal] /rviz_1624261445482166266 http://c0cf3ac15434:33609/
[rosmaster.master][INFO] 2021-06-21 07:44:06,836: +PUB [/clicked_point] /rviz_1624261445482166266 http://c0cf3ac15434:33609/
[rosmaster.master][INFO] 2021-06-21 07:44:06,855: +SERVICE [/rviz_1624261445482166266/reload_shaders] /rviz_1624261445482166266 http://c0cf3ac15434:33609/
[rosmaster.master][INFO] 2021-06-21 07:44:07,257: +PARAM [/use_sim_time] by /roslaunch
[rosmaster.master][INFO] 2021-06-21 07:44:07,257: +PARAM [/racecar/left_rear_wheel_velocity_controller/pid/i] by /roslaunch
[rosmaster.master][INFO] 2021-06-21 07:44:07,258: +PARAM [/SAGEMAKER_SHARED_S3_PREFIX] by /roslaunch
[rosmaster.master][INFO] 2021-06-21 07:44:07,258: +PARAM [/METRICS_S3_OBJECT_KEY] by /roslaunch
[rosmaster.master][INFO] 2021-06-21 07:44:07,258: +PARAM [/CHANGE_START_POSITION] by /roslaunch
[rosmaster.master][INFO] 2021-06-21 07:44:07,258: +PARAM [/racecar/left_front_wheel_velocity_controller/type] by /roslaunch
[rosmaster.master][INFO] 2021-06-21 07:44:07,258: +PARAM [/racecar/left_front_wheel_velocity_controller/joint] by /roslaunch
[rosmaster.master][INFO] 2021-06-21 07:44:07,259: +SERVICE [/rosout/get_loggers] /rosout http://c0cf3ac15434:44531/
[rosmaster.master][INFO] 2021-06-21 07:44:07,259: +PARAM [/racecar/right_steering_hinge_position_controller/pid/p] by /roslaunch
[rosmaster.master][INFO] 2021-06-21 07:44:07,259: +PARAM [/METRIC_NAMESPACE] by /roslaunch
[rosmaster.master][INFO] 2021-06-21 07:44:07,259: +SERVICE [/rosout/set_logger_level] /rosout http://c0cf3ac15434:44531/
[rosmaster.master][INFO] 2021-06-21 07:44:07,259: +PARAM [/racecar/left_rear_wheel_velocity_controller/pid/d] by /roslaunch
[rosmaster.master][INFO] 2021-06-21 07:44:07,260: +PARAM [/racecar/left_rear_wheel_velocity_controller/pid/i_clamp] by /roslaunch
[rosmaster.master][INFO] 2021-06-21 07:44:07,260: +PARAM [/racecar/right_steering_hinge_position_controller/pid/i] by /roslaunch
[rosmaster.master][INFO] 2021-06-21 07:44:07,260: +PARAM [/racecar/right_steering_hinge_position_controller/pid/d] by /roslaunch
[rosmaster.master][INFO] 2021-06-21 07:44:07,261: +PARAM [/AWS_ROBOMAKER_SIMULATION_JOB_ID] by /roslaunch
[rosmaster.master][INFO] 2021-06-21 07:44:07,261: +PARAM [/JOB_TYPE] by /roslaunch
[rosmaster.master][INFO] 2021-06-21 07:44:07,261: +PARAM [/racecar/left_rear_wheel_velocity_controller/pid/p] by /roslaunch
[rosmaster.master][INFO] 2021-06-21 07:44:07,261: +PARAM [/racecar/joint_state_controller/publish_rate] by /roslaunch
[rosmaster.master][INFO] 2021-06-21 07:44:07,262: +PARAM [/racecar/right_front_wheel_velocity_controller/type] by /roslaunch
[rosmaster.master][INFO] 2021-06-21 07:44:07,262: +PARAM [/ROBOMAKER_SIMULATION_JOB_ACCOUNT_ID] by /roslaunch
[rosmaster.master][INFO] 2021-06-21 07:44:07,262: +PARAM [/racecar/left_steering_hinge_position_controller/pid/i] by /roslaunch
[rosmaster.master][INFO] 2021-06-21 07:44:07,262: +PARAM [/racecar/right_front_wheel_velocity_controller/pid/p] by /roslaunch
[rosmaster.master][INFO] 2021-06-21 07:44:07,263: +PARAM [/racecar/left_steering_hinge_position_controller/pid/d] by /roslaunch
[rosmaster.master][INFO] 2021-06-21 07:44:07,263: +PARAM [/racecar/right_front_wheel_velocity_controller/pid/i_clamp] by /roslaunch
[rosmaster.master][INFO] 2021-06-21 07:44:07,263: +PARAM [/NUMBER_OF_EPISODES] by /roslaunch
[rosmaster.master][INFO] 2021-06-21 07:44:07,263: +PARAM [/racecar/right_steering_hinge_position_controller/joint] by /roslaunch
[rosmaster.master][INFO] 2021-06-21 07:44:07,263: +PARAM [/racecar/right_rear_wheel_velocity_controller/joint] by /roslaunch
[rosmaster.master][INFO] 2021-06-21 07:44:07,264: +PARAM [/AWS_REGION] by /roslaunch
[rosmaster.master][INFO] 2021-06-21 07:44:07,264: +PARAM [/racecar/right_front_wheel_velocity_controller/pid/d] by /roslaunch
[rosmaster.master][INFO] 2021-06-21 07:44:07,264: +PARAM [/WORLD_NAME] by /roslaunch
[rosmaster.master][INFO] 2021-06-21 07:44:07,265: +PARAM [/racecar/joint_state_controller/type] by /roslaunch
[rosmaster.master][INFO] 2021-06-21 07:44:07,265: +SUB [/clock] /rosout http://c0cf3ac15434:44531/
[rosmaster.master][INFO] 2021-06-21 07:44:07,265: +PARAM [/racecar/left_front_wheel_velocity_controller/pid/i_clamp] by /roslaunch
[rosmaster.master][INFO] 2021-06-21 07:44:07,265: +PARAM [/racecar/left_steering_hinge_position_controller/pid/p] by /roslaunch
[rosmaster.master][INFO] 2021-06-21 07:44:07,265: +PARAM [/racecar/right_front_wheel_velocity_controller/pid/i] by /roslaunch
[rosmaster.master][INFO] 2021-06-21 07:44:07,266: +PARAM [/racecar/left_rear_wheel_velocity_controller/joint] by /roslaunch
[rosmaster.master][INFO] 2021-06-21 07:44:07,266: +PUB [/rosout_agg] /rosout http://c0cf3ac15434:44531/
[rosmaster.master][INFO] 2021-06-21 07:44:07,266: +PARAM [/rosdistro] by /roslaunch
[rosmaster.master][INFO] 2021-06-21 07:44:07,266: +PARAM [/robot_description] by /roslaunch
[rosmaster.master][INFO] 2021-06-21 07:44:07,267: +PARAM [/racecar/right_front_wheel_velocity_controller/joint] by /roslaunch
[rosmaster.master][INFO] 2021-06-21 07:44:07,267: +PARAM [/racecar/left_front_wheel_velocity_controller/pid/d] by /roslaunch
[rosmaster.master][INFO] 2021-06-21 07:44:07,267: +PARAM [/racecar/right_steering_hinge_position_controller/type] by /roslaunch
[rosmaster.master][INFO] 2021-06-21 07:44:07,268: +PARAM [/TARGET_REWARD_SCORE] by /roslaunch
[rosmaster.master][INFO] 2021-06-21 07:44:07,268: +PARAM [/rosversion] by /roslaunch
[rosmaster.master][INFO] 2021-06-21 07:44:07,268: +PARAM [/racecar/left_steering_hinge_position_controller/type] by /roslaunch
[rosmaster.master][INFO] 2021-06-21 07:44:07,269: +PARAM [/racecar/left_steering_hinge_position_controller/joint] by /roslaunch
[rosmaster.master][INFO] 2021-06-21 07:44:07,269: +PARAM [/TRAINING_JOB_ARN] by /roslaunch
[rosmaster.master][INFO] 2021-06-21 07:44:07,269: +PARAM [/METRICS_S3_BUCKET] by /roslaunch
[rosmaster.master][INFO] 2021-06-21 07:44:07,269: +PARAM [/racecar/right_rear_wheel_velocity_controller/pid/p] by /roslaunch
[rosmaster.master][INFO] 2021-06-21 07:44:07,270: +PARAM [/racecar/left_front_wheel_velocity_controller/pid/p] by /roslaunch
[rosmaster.master][INFO] 2021-06-21 07:44:07,270: +PARAM [/racecar/right_rear_wheel_velocity_controller/type] by /roslaunch
[rosmaster.master][INFO] 2021-06-21 07:44:07,270: +PARAM [/ALTERNATE_DRIVING_DIRECTION] by /roslaunch
[rosmaster.master][INFO] 2021-06-21 07:44:07,270: +PARAM [/METRIC_NAME] by /roslaunch
[rosmaster.master][INFO] 2021-06-21 07:44:07,271: +PARAM [/racecar/right_rear_wheel_velocity_controller/pid/d] by /roslaunch
[rosmaster.master][INFO] 2021-06-21 07:44:07,271: +SUB [/rosout] /rosout http://c0cf3ac15434:44531/
[rosmaster.master][INFO] 2021-06-21 07:44:07,271: +PARAM [/racecar/right_rear_wheel_velocity_controller/pid/i_clamp] by /roslaunch
[rosmaster.master][INFO] 2021-06-21 07:44:07,271: +PARAM [/racecar/left_front_wheel_velocity_controller/pid/i] by /roslaunch
[rosmaster.master][INFO] 2021-06-21 07:44:07,271: +PARAM [/racecar/left_rear_wheel_velocity_controller/type] by /roslaunch
[rosmaster.master][INFO] 2021-06-21 07:44:07,271: +PARAM [/SAGEMAKER_SHARED_S3_BUCKET] by /roslaunch
[rosmaster.master][INFO] 2021-06-21 07:44:07,271: +PARAM [/racecar/right_rear_wheel_velocity_controller/pid/i] by /roslaunch
[rosmaster.master][INFO] 2021-06-21 07:44:07,909: +PUB [/rosout] /gazebo http://c0cf3ac15434:33597/
[rosmaster.master][INFO] 2021-06-21 07:44:07,910: +SERVICE [/gazebo/get_loggers] /gazebo http://c0cf3ac15434:33597/
[rosmaster.master][INFO] 2021-06-21 07:44:07,910: +SERVICE [/gazebo/set_logger_level] /gazebo http://c0cf3ac15434:33597/
[rosmaster.master][INFO] 2021-06-21 07:44:07,915: +SUB [/clock] /gazebo http://c0cf3ac15434:33597/
[rosmaster.master][INFO] 2021-06-21 07:44:07,924: publisherUpdate[/rosout] -> http://c0cf3ac15434:44531/ ['http://c0cf3ac15434:33609/', 'http://c0cf3ac15434:33597/']
[rosmaster.master][INFO] 2021-06-21 07:44:07,926: publisherUpdate[/rosout] -> http://c0cf3ac15434:44531/ ['http://c0cf3ac15434:33609/', 'http://c0cf3ac15434:33597/']: sec=0.00, result=[1, '', 0]
[rosmaster.master][INFO] 2021-06-21 07:44:08,222: +PUB [/clock] /gazebo http://c0cf3ac15434:33597/
[rosmaster.master][INFO] 2021-06-21 07:44:08,225: publisherUpdate[/clock] -> http://c0cf3ac15434:44531/ ['http://c0cf3ac15434:33597/']
[rosmaster.master][INFO] 2021-06-21 07:44:08,226: publisherUpdate[/clock] -> http://c0cf3ac15434:44531/ ['http://c0cf3ac15434:33597/']: sec=0.00, result=[1, '', 0]
[rosmaster.master][INFO] 2021-06-21 07:44:08,226: publisherUpdate[/clock] -> http://c0cf3ac15434:33597/ ['http://c0cf3ac15434:33597/']
[rosmaster.master][INFO] 2021-06-21 07:44:08,226: publisherUpdate[/clock] -> http://c0cf3ac15434:33597/ ['http://c0cf3ac15434:33597/']: sec=0.00, result=[1, '', 0]
[rosmaster.master][INFO] 2021-06-21 07:44:08,227: +SERVICE [/gazebo/spawn_sdf_model] /gazebo http://c0cf3ac15434:33597/
[rosmaster.master][INFO] 2021-06-21 07:44:08,228: +SERVICE [/gazebo/spawn_urdf_model] /gazebo http://c0cf3ac15434:33597/
[rosmaster.master][INFO] 2021-06-21 07:44:08,229: +SERVICE [/gazebo/delete_model] /gazebo http://c0cf3ac15434:33597/
[rosmaster.master][INFO] 2021-06-21 07:44:08,231: +SERVICE [/gazebo/delete_light] /gazebo http://c0cf3ac15434:33597/
[rosmaster.master][INFO] 2021-06-21 07:44:08,231: +SERVICE [/gazebo/get_model_properties] /gazebo http://c0cf3ac15434:33597/
[rosmaster.master][INFO] 2021-06-21 07:44:08,232: +SERVICE [/gazebo/get_model_state] /gazebo http://c0cf3ac15434:33597/
[rosmaster.master][INFO] 2021-06-21 07:44:08,233: +SERVICE [/gazebo/get_world_properties] /gazebo http://c0cf3ac15434:33597/
[rosmaster.master][INFO] 2021-06-21 07:44:08,233: +SERVICE [/gazebo/get_joint_properties] /gazebo http://c0cf3ac15434:33597/
[rosmaster.master][INFO] 2021-06-21 07:44:08,234: +SERVICE [/gazebo/get_link_properties] /gazebo http://c0cf3ac15434:33597/
[rosmaster.master][INFO] 2021-06-21 07:44:08,235: +SERVICE [/gazebo/get_link_state] /gazebo http://c0cf3ac15434:33597/
[rosmaster.master][INFO] 2021-06-21 07:44:08,236: +SERVICE [/gazebo/get_light_properties] /gazebo http://c0cf3ac15434:33597/
[rosmaster.master][INFO] 2021-06-21 07:44:08,236: +SERVICE [/gazebo/set_light_properties] /gazebo http://c0cf3ac15434:33597/
[rosmaster.master][INFO] 2021-06-21 07:44:08,237: +SERVICE [/gazebo/get_physics_properties] /gazebo http://c0cf3ac15434:33597/
[rosmaster.master][INFO] 2021-06-21 07:44:08,238: +PUB [/gazebo/link_states] /gazebo http://c0cf3ac15434:33597/
[rosmaster.master][INFO] 2021-06-21 07:44:08,239: +PUB [/gazebo/model_states] /gazebo http://c0cf3ac15434:33597/
[rosmaster.master][INFO] 2021-06-21 07:44:08,239: +SERVICE [/gazebo/set_link_properties] /gazebo http://c0cf3ac15434:33597/
[rosmaster.master][INFO] 2021-06-21 07:44:08,240: +SERVICE [/gazebo/set_physics_properties] /gazebo http://c0cf3ac15434:33597/
[rosmaster.master][INFO] 2021-06-21 07:44:08,241: +SERVICE [/gazebo/set_model_state] /gazebo http://c0cf3ac15434:33597/
[rosmaster.master][INFO] 2021-06-21 07:44:08,241: +SERVICE [/gazebo/set_model_configuration] /gazebo http://c0cf3ac15434:33597/
[rosmaster.master][INFO] 2021-06-21 07:44:08,242: +SERVICE [/gazebo/set_joint_properties] /gazebo http://c0cf3ac15434:33597/
[rosmaster.master][INFO] 2021-06-21 07:44:08,242: +SERVICE [/gazebo/set_link_state] /gazebo http://c0cf3ac15434:33597/
[rosmaster.master][INFO] 2021-06-21 07:44:08,246: +SUB [/gazebo/set_link_state] /gazebo http://c0cf3ac15434:33597/
[rosmaster.master][INFO] 2021-06-21 07:44:08,250: +SUB [/gazebo/set_model_state] /gazebo http://c0cf3ac15434:33597/
[rosmaster.master][INFO] 2021-06-21 07:44:08,251: +SERVICE [/gazebo/pause_physics] /gazebo http://c0cf3ac15434:33597/
[rosmaster.master][INFO] 2021-06-21 07:44:08,251: +SERVICE [/gazebo/unpause_physics] /gazebo http://c0cf3ac15434:33597/
[rosmaster.master][INFO] 2021-06-21 07:44:08,252: +SERVICE [/gazebo/apply_body_wrench] /gazebo http://c0cf3ac15434:33597/
[rosmaster.master][INFO] 2021-06-21 07:44:08,253: +SERVICE [/gazebo/apply_joint_effort] /gazebo http://c0cf3ac15434:33597/
[rosmaster.master][INFO] 2021-06-21 07:44:08,253: +SERVICE [/gazebo/clear_joint_forces] /gazebo http://c0cf3ac15434:33597/
[rosmaster.master][INFO] 2021-06-21 07:44:08,254: +SERVICE [/gazebo/clear_body_wrenches] /gazebo http://c0cf3ac15434:33597/
[rosmaster.master][INFO] 2021-06-21 07:44:08,255: +SERVICE [/gazebo/reset_simulation] /gazebo http://c0cf3ac15434:33597/
[rosmaster.master][INFO] 2021-06-21 07:44:08,256: +SERVICE [/gazebo/reset_world] /gazebo http://c0cf3ac15434:33597/
[rosmaster.master][INFO] 2021-06-21 07:44:08,377: +SERVICE [/gazebo/set_parameters] /gazebo http://c0cf3ac15434:33597/
[rosmaster.master][INFO] 2021-06-21 07:44:08,378: +PUB [/gazebo/parameter_descriptions] /gazebo http://c0cf3ac15434:33597/
[rosmaster.master][INFO] 2021-06-21 07:44:08,378: +PUB [/gazebo/parameter_updates] /gazebo http://c0cf3ac15434:33597/
[rosmaster.master][INFO] 2021-06-21 07:44:08,388: +PARAM [/gazebo/time_step] by /gazebo
[rosmaster.master][INFO] 2021-06-21 07:44:08,389: +PARAM [/gazebo/max_update_rate] by /gazebo
[rosmaster.master][INFO] 2021-06-21 07:44:08,390: +PARAM [/gazebo/gravity_x] by /gazebo
[rosmaster.master][INFO] 2021-06-21 07:44:08,390: +PARAM [/gazebo/gravity_y] by /gazebo
[rosmaster.master][INFO] 2021-06-21 07:44:08,391: +PARAM [/gazebo/gravity_z] by /gazebo
[rosmaster.master][INFO] 2021-06-21 07:44:08,392: +PARAM [/gazebo/auto_disable_bodies] by /gazebo
[rosmaster.master][INFO] 2021-06-21 07:44:08,393: +PARAM [/gazebo/sor_pgs_precon_iters] by /gazebo
[rosmaster.master][INFO] 2021-06-21 07:44:08,393: +PARAM [/gazebo/sor_pgs_iters] by /gazebo
[rosmaster.master][INFO] 2021-06-21 07:44:08,394: +PARAM [/gazebo/sor_pgs_w] by /gazebo
[rosmaster.master][INFO] 2021-06-21 07:44:08,395: +PARAM [/gazebo/sor_pgs_rms_error_tol] by /gazebo
[rosmaster.master][INFO] 2021-06-21 07:44:08,395: +PARAM [/gazebo/cfm] by /gazebo
[rosmaster.master][INFO] 2021-06-21 07:44:08,396: +PARAM [/gazebo/erp] by /gazebo
[rosmaster.master][INFO] 2021-06-21 07:44:08,397: +PARAM [/gazebo/contact_surface_layer] by /gazebo
[rosmaster.master][INFO] 2021-06-21 07:44:08,397: +PARAM [/gazebo/contact_max_correcting_vel] by /gazebo
[rosmaster.master][INFO] 2021-06-21 07:44:08,398: +PARAM [/gazebo/max_contacts] by /gazebo
[rosmaster.master][INFO] 2021-06-21 07:44:08,400: +PARAM [/gazebo/time_step] by /gazebo
[rosmaster.master][INFO] 2021-06-21 07:44:08,401: +PARAM [/gazebo/max_update_rate] by /gazebo
[rosmaster.master][INFO] 2021-06-21 07:44:08,401: +PARAM [/gazebo/gravity_x] by /gazebo
[rosmaster.master][INFO] 2021-06-21 07:44:08,402: +PARAM [/gazebo/gravity_y] by /gazebo
[rosmaster.master][INFO] 2021-06-21 07:44:08,402: +PARAM [/gazebo/gravity_z] by /gazebo
[rosmaster.master][INFO] 2021-06-21 07:44:08,403: +PARAM [/gazebo/auto_disable_bodies] by /gazebo
[rosmaster.master][INFO] 2021-06-21 07:44:08,403: +PARAM [/gazebo/sor_pgs_precon_iters] by /gazebo
[rosmaster.master][INFO] 2021-06-21 07:44:08,404: +PARAM [/gazebo/sor_pgs_iters] by /gazebo
[rosmaster.master][INFO] 2021-06-21 07:44:08,405: +PARAM [/gazebo/sor_pgs_w] by /gazebo
[rosmaster.master][INFO] 2021-06-21 07:44:08,405: +PARAM [/gazebo/sor_pgs_rms_error_tol] by /gazebo
[rosmaster.master][INFO] 2021-06-21 07:44:08,406: +PARAM [/gazebo/cfm] by /gazebo
[rosmaster.master][INFO] 2021-06-21 07:44:08,407: +PARAM [/gazebo/erp] by /gazebo
[rosmaster.master][INFO] 2021-06-21 07:44:08,407: +PARAM [/gazebo/contact_surface_layer] by /gazebo
[rosmaster.master][INFO] 2021-06-21 07:44:08,408: +PARAM [/gazebo/contact_max_correcting_vel] by /gazebo
[rosmaster.master][INFO] 2021-06-21 07:44:08,409: +PARAM [/gazebo/max_contacts] by /gazebo
[rosmaster.master][INFO] 2021-06-21 07:44:08,417: +PUB [/rosout] /gazebo_gui http://c0cf3ac15434:36421/
[rosmaster.master][INFO] 2021-06-21 07:44:08,418: +SERVICE [/gazebo_gui/get_loggers] /gazebo_gui http://c0cf3ac15434:36421/
[rosmaster.master][INFO] 2021-06-21 07:44:08,419: +SERVICE [/gazebo_gui/set_logger_level] /gazebo_gui http://c0cf3ac15434:36421/
[rosmaster.master][INFO] 2021-06-21 07:44:08,424: +SUB [/clock] /gazebo_gui http://c0cf3ac15434:36421/
[rosmaster.master][INFO] 2021-06-21 07:44:08,426: publisherUpdate[/rosout] -> http://c0cf3ac15434:44531/ ['http://c0cf3ac15434:33609/', 'http://c0cf3ac15434:33597/', 'http://c0cf3ac15434:36421/']
[rosmaster.master][INFO] 2021-06-21 07:44:08,427: publisherUpdate[/rosout] -> http://c0cf3ac15434:44531/ ['http://c0cf3ac15434:33609/', 'http://c0cf3ac15434:33597/', 'http://c0cf3ac15434:36421/']: sec=0.00, result=[1, '', 0]
[rosmaster.master][INFO] 2021-06-21 07:44:08,427: +SERVICE [/gazebo_gui/set_parameters] /gazebo_gui http://c0cf3ac15434:36421/
[rosmaster.master][INFO] 2021-06-21 07:44:08,428: +PUB [/gazebo_gui/parameter_descriptions] /gazebo_gui http://c0cf3ac15434:36421/
[rosmaster.master][INFO] 2021-06-21 07:44:08,428: +PUB [/gazebo_gui/parameter_updates] /gazebo_gui http://c0cf3ac15434:36421/
[rosmaster.master][INFO] 2021-06-21 07:44:08,436: +PARAM [/gazebo_gui/time_step] by /gazebo_gui
[rosmaster.master][INFO] 2021-06-21 07:44:08,437: +PARAM [/gazebo_gui/max_update_rate] by /gazebo_gui
[rosmaster.master][INFO] 2021-06-21 07:44:08,437: +PARAM [/gazebo_gui/gravity_x] by /gazebo_gui
[rosmaster.master][INFO] 2021-06-21 07:44:08,438: +PARAM [/gazebo_gui/gravity_y] by /gazebo_gui
[rosmaster.master][INFO] 2021-06-21 07:44:08,438: +PARAM [/gazebo_gui/gravity_z] by /gazebo_gui
[rosmaster.master][INFO] 2021-06-21 07:44:08,439: +PARAM [/gazebo_gui/auto_disable_bodies] by /gazebo_gui
[rosmaster.master][INFO] 2021-06-21 07:44:08,439: +PARAM [/gazebo_gui/sor_pgs_precon_iters] by /gazebo_gui
[rosmaster.master][INFO] 2021-06-21 07:44:08,440: +PARAM [/gazebo_gui/sor_pgs_iters] by /gazebo_gui
[rosmaster.master][INFO] 2021-06-21 07:44:08,441: +PARAM [/gazebo_gui/sor_pgs_w] by /gazebo_gui
[rosmaster.master][INFO] 2021-06-21 07:44:08,442: +PARAM [/gazebo_gui/sor_pgs_rms_error_tol] by /gazebo_gui
[rosmaster.master][INFO] 2021-06-21 07:44:08,442: +PARAM [/gazebo_gui/cfm] by /gazebo_gui
[rosmaster.master][INFO] 2021-06-21 07:44:08,443: +PARAM [/gazebo_gui/erp] by /gazebo_gui
[rosmaster.master][INFO] 2021-06-21 07:44:08,444: +PARAM [/gazebo_gui/contact_surface_layer] by /gazebo_gui
[rosmaster.master][INFO] 2021-06-21 07:44:08,444: +PARAM [/gazebo_gui/contact_max_correcting_vel] by /gazebo_gui
[rosmaster.master][INFO] 2021-06-21 07:44:08,445: +PARAM [/gazebo_gui/max_contacts] by /gazebo_gui
[rosmaster.master][INFO] 2021-06-21 07:44:08,447: +PARAM [/gazebo_gui/time_step] by /gazebo_gui
[rosmaster.master][INFO] 2021-06-21 07:44:08,447: +PARAM [/gazebo_gui/max_update_rate] by /gazebo_gui
[rosmaster.master][INFO] 2021-06-21 07:44:08,448: +PARAM [/gazebo_gui/gravity_x] by /gazebo_gui
[rosmaster.master][INFO] 2021-06-21 07:44:08,449: +PARAM [/gazebo_gui/gravity_y] by /gazebo_gui
[rosmaster.master][INFO] 2021-06-21 07:44:08,449: +PARAM [/gazebo_gui/gravity_z] by /gazebo_gui
[rosmaster.master][INFO] 2021-06-21 07:44:08,450: +PARAM [/gazebo_gui/auto_disable_bodies] by /gazebo_gui
[rosmaster.master][INFO] 2021-06-21 07:44:08,451: +PARAM [/gazebo_gui/sor_pgs_precon_iters] by /gazebo_gui
[rosmaster.master][INFO] 2021-06-21 07:44:08,451: +PARAM [/gazebo_gui/sor_pgs_iters] by /gazebo_gui
[rosmaster.master][INFO] 2021-06-21 07:44:08,452: +PARAM [/gazebo_gui/sor_pgs_w] by /gazebo_gui
[rosmaster.master][INFO] 2021-06-21 07:44:08,453: +PARAM [/gazebo_gui/sor_pgs_rms_error_tol] by /gazebo_gui
[rosmaster.master][INFO] 2021-06-21 07:44:08,453: +PARAM [/gazebo_gui/cfm] by /gazebo_gui
[rosmaster.master][INFO] 2021-06-21 07:44:08,454: +PARAM [/gazebo_gui/erp] by /gazebo_gui
[rosmaster.master][INFO] 2021-06-21 07:44:08,455: +PARAM [/gazebo_gui/contact_surface_layer] by /gazebo_gui
[rosmaster.master][INFO] 2021-06-21 07:44:08,455: +PARAM [/gazebo_gui/contact_max_correcting_vel] by /gazebo_gui
[rosmaster.master][INFO] 2021-06-21 07:44:08,456: +PARAM [/gazebo_gui/max_contacts] by /gazebo_gui
[rosmaster.master][INFO] 2021-06-21 07:44:09,237: +PUB [/rosout] /racecar_spawn http://c0cf3ac15434:41013/
[rosmaster.master][INFO] 2021-06-21 07:44:09,242: +SUB [/clock] /racecar_spawn http://c0cf3ac15434:41013/
[rosmaster.master][INFO] 2021-06-21 07:44:09,244: +SERVICE [/racecar_spawn/get_loggers] /racecar_spawn http://c0cf3ac15434:41013/
[rosmaster.master][INFO] 2021-06-21 07:44:09,245: +SERVICE [/racecar_spawn/set_logger_level] /racecar_spawn http://c0cf3ac15434:41013/
[rosmaster.master][INFO] 2021-06-21 07:44:09,328: publisherUpdate[/rosout] -> http://c0cf3ac15434:44531/ ['http://c0cf3ac15434:33609/', 'http://c0cf3ac15434:33597/', 'http://c0cf3ac15434:36421/', 'http://c0cf3ac15434:41013/']
[rosmaster.master][INFO] 2021-06-21 07:44:09,329: publisherUpdate[/rosout] -> http://c0cf3ac15434:44531/ ['http://c0cf3ac15434:33609/', 'http://c0cf3ac15434:33597/', 'http://c0cf3ac15434:36421/', 'http://c0cf3ac15434:41013/']: sec=0.00, result=[1, '', 0]
[rosmaster.master][INFO] 2021-06-21 07:44:09,475: +PUB [/rosout] /racecar/controller_manager http://c0cf3ac15434:33085/
[rosmaster.master][INFO] 2021-06-21 07:44:09,492: -SUB [/clock] /racecar_spawn http://c0cf3ac15434:41013/
[rosmaster.master][INFO] 2021-06-21 07:44:09,492: -PUB [/rosout] /racecar_spawn http://c0cf3ac15434:41013/
[rosmaster.master][INFO] 2021-06-21 07:44:09,493: -SERVICE [/racecar_spawn/get_loggers] /racecar_spawn rosrpc://c0cf3ac15434:34917
[rosmaster.master][INFO] 2021-06-21 07:44:09,493: -SERVICE [/racecar_spawn/set_logger_level] /racecar_spawn rosrpc://c0cf3ac15434:34917
[rosmaster.master][INFO] 2021-06-21 07:44:09,494: +SUB [/clock] /racecar/controller_manager http://c0cf3ac15434:33085/
[rosmaster.master][INFO] 2021-06-21 07:44:09,496: +SERVICE [/racecar/controller_manager/get_loggers] /racecar/controller_manager http://c0cf3ac15434:33085/
[rosmaster.master][INFO] 2021-06-21 07:44:09,497: +SERVICE [/racecar/controller_manager/set_logger_level] /racecar/controller_manager http://c0cf3ac15434:33085/
[rosmaster.master][INFO] 2021-06-21 07:44:09,528: publisherUpdate[/rosout] -> http://c0cf3ac15434:44531/ ['http://c0cf3ac15434:33609/', 'http://c0cf3ac15434:33597/', 'http://c0cf3ac15434:36421/', 'http://c0cf3ac15434:41013/', 'http://c0cf3ac15434:33085/']
[rosmaster.master][INFO] 2021-06-21 07:44:09,529: publisherUpdate[/rosout] -> http://c0cf3ac15434:44531/ ['http://c0cf3ac15434:33609/', 'http://c0cf3ac15434:33597/', 'http://c0cf3ac15434:36421/', 'http://c0cf3ac15434:41013/', 'http://c0cf3ac15434:33085/']: sec=0.00, result=[1, '', 0]
[rosmaster.master][INFO] 2021-06-21 07:44:09,529: publisherUpdate[/rosout] -> http://c0cf3ac15434:44531/ ['http://c0cf3ac15434:33609/', 'http://c0cf3ac15434:33597/', 'http://c0cf3ac15434:36421/', 'http://c0cf3ac15434:33085/']
[rosmaster.master][INFO] 2021-06-21 07:44:09,530: publisherUpdate[/rosout] -> http://c0cf3ac15434:44531/ ['http://c0cf3ac15434:33609/', 'http://c0cf3ac15434:33597/', 'http://c0cf3ac15434:36421/', 'http://c0cf3ac15434:33085/']: sec=0.00, result=[1, '', 0]
[rosmaster.master][INFO] 2021-06-21 07:44:09,673: +PUB [/rosout] /robot_state_publisher http://c0cf3ac15434:34631/
[rosmaster.master][INFO] 2021-06-21 07:44:09,676: +SERVICE [/robot_state_publisher/get_loggers] /robot_state_publisher http://c0cf3ac15434:34631/
[rosmaster.master][INFO] 2021-06-21 07:44:09,677: +SERVICE [/robot_state_publisher/set_logger_level] /robot_state_publisher http://c0cf3ac15434:34631/
[rosmaster.master][INFO] 2021-06-21 07:44:09,681: +SUB [/clock] /robot_state_publisher http://c0cf3ac15434:34631/
[rosmaster.master][INFO] 2021-06-21 07:44:09,685: +PUB [/tf] /robot_state_publisher http://c0cf3ac15434:34631/
[rosmaster.master][INFO] 2021-06-21 07:44:09,686: +PUB [/tf_static] /robot_state_publisher http://c0cf3ac15434:34631/
[rosmaster.master][INFO] 2021-06-21 07:44:09,693: +SUB [/racecar/joint_states] /robot_state_publisher http://c0cf3ac15434:34631/
[rosmaster.master][INFO] 2021-06-21 07:44:09,729: publisherUpdate[/rosout] -> http://c0cf3ac15434:44531/ ['http://c0cf3ac15434:33609/', 'http://c0cf3ac15434:33597/', 'http://c0cf3ac15434:36421/', 'http://c0cf3ac15434:33085/', 'http://c0cf3ac15434:34631/']
[rosmaster.master][INFO] 2021-06-21 07:44:09,730: publisherUpdate[/tf] -> http://c0cf3ac15434:33609/ ['http://c0cf3ac15434:34631/']
[rosmaster.master][INFO] 2021-06-21 07:44:09,730: publisherUpdate[/rosout] -> http://c0cf3ac15434:44531/ ['http://c0cf3ac15434:33609/', 'http://c0cf3ac15434:33597/', 'http://c0cf3ac15434:36421/', 'http://c0cf3ac15434:33085/', 'http://c0cf3ac15434:34631/']: sec=0.00, result=[1, '', 0]
[rosmaster.master][INFO] 2021-06-21 07:44:09,731: publisherUpdate[/tf] -> http://c0cf3ac15434:33609/ ['http://c0cf3ac15434:34631/']: sec=0.00, result=[1, '', 0]
[rosmaster.master][INFO] 2021-06-21 07:44:09,731: publisherUpdate[/tf_static] -> http://c0cf3ac15434:33609/ ['http://c0cf3ac15434:34631/']
[rosmaster.master][INFO] 2021-06-21 07:44:09,732: publisherUpdate[/tf_static] -> http://c0cf3ac15434:33609/ ['http://c0cf3ac15434:34631/']: sec=0.00, result=[1, '', 0]
[rosmaster.master][INFO] 2021-06-21 07:44:09,808: +SERVICE [/camera/zed/set_camera_info] /gazebo http://c0cf3ac15434:33597/
[rosmaster.master][INFO] 2021-06-21 07:44:09,811: +SERVICE [/camera/zed/set_parameters] /gazebo http://c0cf3ac15434:33597/
[rosmaster.master][INFO] 2021-06-21 07:44:09,811: +PUB [/camera/zed/parameter_descriptions] /gazebo http://c0cf3ac15434:33597/
[rosmaster.master][INFO] 2021-06-21 07:44:09,812: +PUB [/camera/zed/parameter_updates] /gazebo http://c0cf3ac15434:33597/
[rosmaster.master][INFO] 2021-06-21 07:44:09,814: +PARAM [/camera/zed/imager_rate] by /gazebo
[rosmaster.master][INFO] 2021-06-21 07:44:09,814: +PARAM [/camera/zed/imager_rate] by /gazebo
[rosmaster.master][INFO] 2021-06-21 07:44:09,855: +PUB [/camera/zed/rgb/image_rect_color/compressedDepth] /gazebo http://c0cf3ac15434:33597/
[rosmaster.master][INFO] 2021-06-21 07:44:09,856: +SERVICE [/camera/zed/rgb/image_rect_color/compressedDepth/set_parameters] /gazebo http://c0cf3ac15434:33597/
[rosmaster.master][INFO] 2021-06-21 07:44:09,856: +PUB [/camera/zed/rgb/image_rect_color/compressedDepth/parameter_descriptions] /gazebo http://c0cf3ac15434:33597/
[rosmaster.master][INFO] 2021-06-21 07:44:09,857: +PUB [/camera/zed/rgb/image_rect_color/compressedDepth/parameter_updates] /gazebo http://c0cf3ac15434:33597/
[rosmaster.master][INFO] 2021-06-21 07:44:09,860: +PARAM [/camera/zed/rgb/image_rect_color/compressedDepth/depth_max] by /gazebo
[rosmaster.master][INFO] 2021-06-21 07:44:09,861: +PARAM [/camera/zed/rgb/image_rect_color/compressedDepth/depth_quantization] by /gazebo
[rosmaster.master][INFO] 2021-06-21 07:44:09,861: +PARAM [/camera/zed/rgb/image_rect_color/compressedDepth/png_level] by /gazebo
[rosmaster.master][INFO] 2021-06-21 07:44:09,862: +PARAM [/camera/zed/rgb/image_rect_color/compressedDepth/depth_max] by /gazebo
[rosmaster.master][INFO] 2021-06-21 07:44:09,863: +PARAM [/camera/zed/rgb/image_rect_color/compressedDepth/depth_quantization] by /gazebo
[rosmaster.master][INFO] 2021-06-21 07:44:09,863: +PARAM [/camera/zed/rgb/image_rect_color/compressedDepth/png_level] by /gazebo
[rosmaster.master][INFO] 2021-06-21 07:44:09,865: +PUB [/camera/zed/rgb/image_rect_color/compressed] /gazebo http://c0cf3ac15434:33597/
[rosmaster.master][INFO] 2021-06-21 07:44:09,866: +SERVICE [/camera/zed/rgb/image_rect_color/compressed/set_parameters] /gazebo http://c0cf3ac15434:33597/
[rosmaster.master][INFO] 2021-06-21 07:44:09,866: +PUB [/camera/zed/rgb/image_rect_color/compressed/parameter_descriptions] /gazebo http://c0cf3ac15434:33597/
[rosmaster.master][INFO] 2021-06-21 07:44:09,867: +PUB [/camera/zed/rgb/image_rect_color/compressed/parameter_updates] /gazebo http://c0cf3ac15434:33597/
[rosmaster.master][INFO] 2021-06-21 07:44:09,870: +PARAM [/camera/zed/rgb/image_rect_color/compressed/format] by /gazebo
[rosmaster.master][INFO] 2021-06-21 07:44:09,870: +PARAM [/camera/zed/rgb/image_rect_color/compressed/jpeg_quality] by /gazebo
[rosmaster.master][INFO] 2021-06-21 07:44:09,871: +PARAM [/camera/zed/rgb/image_rect_color/compressed/png_level] by /gazebo
[rosmaster.master][INFO] 2021-06-21 07:44:09,871: +PARAM [/camera/zed/rgb/image_rect_color/compressed/format] by /gazebo
[rosmaster.master][INFO] 2021-06-21 07:44:09,872: +PARAM [/camera/zed/rgb/image_rect_color/compressed/jpeg_quality] by /gazebo
[rosmaster.master][INFO] 2021-06-21 07:44:09,873: +PARAM [/camera/zed/rgb/image_rect_color/compressed/png_level] by /gazebo
[rosmaster.master][INFO] 2021-06-21 07:44:09,875: +PUB [/camera/zed/rgb/image_rect_color] /gazebo http://c0cf3ac15434:33597/
[rosmaster.master][INFO] 2021-06-21 07:44:09,876: +PUB [/camera/zed/rgb/image_rect_color/theora] /gazebo http://c0cf3ac15434:33597/
[rosmaster.master][INFO] 2021-06-21 07:44:09,877: +SERVICE [/camera/zed/rgb/image_rect_color/theora/set_parameters] /gazebo http://c0cf3ac15434:33597/
[rosmaster.master][INFO] 2021-06-21 07:44:09,878: +PUB [/camera/zed/rgb/image_rect_color/theora/parameter_descriptions] /gazebo http://c0cf3ac15434:33597/
[rosmaster.master][INFO] 2021-06-21 07:44:09,878: +PUB [/camera/zed/rgb/image_rect_color/theora/parameter_updates] /gazebo http://c0cf3ac15434:33597/
[rosmaster.master][INFO] 2021-06-21 07:44:09,881: +PARAM [/camera/zed/rgb/image_rect_color/theora/optimize_for] by /gazebo
[rosmaster.master][INFO] 2021-06-21 07:44:09,882: +PARAM [/camera/zed/rgb/image_rect_color/theora/target_bitrate] by /gazebo
[rosmaster.master][INFO] 2021-06-21 07:44:09,882: +PARAM [/camera/zed/rgb/image_rect_color/theora/quality] by /gazebo
[rosmaster.master][INFO] 2021-06-21 07:44:09,883: +PARAM [/camera/zed/rgb/image_rect_color/theora/keyframe_frequency] by /gazebo
[rosmaster.master][INFO] 2021-06-21 07:44:09,884: +PARAM [/camera/zed/rgb/image_rect_color/theora/optimize_for] by /gazebo
[rosmaster.master][INFO] 2021-06-21 07:44:09,884: +PARAM [/camera/zed/rgb/image_rect_color/theora/target_bitrate] by /gazebo
[rosmaster.master][INFO] 2021-06-21 07:44:09,889: +PARAM [/camera/zed/rgb/image_rect_color/theora/quality] by /gazebo
[rosmaster.master][INFO] 2021-06-21 07:44:09,890: +PARAM [/camera/zed/rgb/image_rect_color/theora/keyframe_frequency] by /gazebo
[rosmaster.master][INFO] 2021-06-21 07:44:09,892: +PUB [/camera/zed/rgb/camera_info] /gazebo http://c0cf3ac15434:33597/
[rosmaster.master][INFO] 2021-06-21 07:44:10,003: +SERVICE [/racecar/controller_manager/list_controllers] /gazebo http://c0cf3ac15434:33597/
[rosmaster.master][INFO] 2021-06-21 07:44:10,004: +SERVICE [/racecar/controller_manager/list_controller_types] /gazebo http://c0cf3ac15434:33597/
[rosmaster.master][INFO] 2021-06-21 07:44:10,005: +SERVICE [/racecar/controller_manager/load_controller] /gazebo http://c0cf3ac15434:33597/
[rosmaster.master][INFO] 2021-06-21 07:44:10,005: +SERVICE [/racecar/controller_manager/unload_controller] /gazebo http://c0cf3ac15434:33597/
[rosmaster.master][INFO] 2021-06-21 07:44:10,006: +SERVICE [/racecar/controller_manager/switch_controller] /gazebo http://c0cf3ac15434:33597/
[rosmaster.master][INFO] 2021-06-21 07:44:10,007: +SERVICE [/racecar/controller_manager/reload_controller_libraries] /gazebo http://c0cf3ac15434:33597/
[rosmaster.master][INFO] 2021-06-21 07:44:10,119: +SERVICE [/racecar/left_rear_wheel_velocity_controller/pid/set_parameters] /gazebo http://c0cf3ac15434:33597/
[rosmaster.master][INFO] 2021-06-21 07:44:10,120: +PUB [/racecar/left_rear_wheel_velocity_controller/pid/parameter_descriptions] /gazebo http://c0cf3ac15434:33597/
[rosmaster.master][INFO] 2021-06-21 07:44:10,120: +PUB [/racecar/left_rear_wheel_velocity_controller/pid/parameter_updates] /gazebo http://c0cf3ac15434:33597/
[rosmaster.master][INFO] 2021-06-21 07:44:10,124: +PARAM [/racecar/left_rear_wheel_velocity_controller/pid/p] by /gazebo
[rosmaster.master][INFO] 2021-06-21 07:44:10,125: +PARAM [/racecar/left_rear_wheel_velocity_controller/pid/i] by /gazebo
[rosmaster.master][INFO] 2021-06-21 07:44:10,126: +PARAM [/racecar/left_rear_wheel_velocity_controller/pid/d] by /gazebo
[rosmaster.master][INFO] 2021-06-21 07:44:10,126: +PARAM [/racecar/left_rear_wheel_velocity_controller/pid/i_clamp_min] by /gazebo
[rosmaster.master][INFO] 2021-06-21 07:44:10,127: +PARAM [/racecar/left_rear_wheel_velocity_controller/pid/i_clamp_max] by /gazebo
[rosmaster.master][INFO] 2021-06-21 07:44:10,128: +PARAM [/racecar/left_rear_wheel_velocity_controller/pid/antiwindup] by /gazebo
[rosmaster.master][INFO] 2021-06-21 07:44:10,128: +PARAM [/racecar/left_rear_wheel_velocity_controller/pid/p] by /gazebo
[rosmaster.master][INFO] 2021-06-21 07:44:10,129: +PARAM [/racecar/left_rear_wheel_velocity_controller/pid/i] by /gazebo
[rosmaster.master][INFO] 2021-06-21 07:44:10,130: +PARAM [/racecar/left_rear_wheel_velocity_controller/pid/d] by /gazebo
[rosmaster.master][INFO] 2021-06-21 07:44:10,131: +PARAM [/racecar/left_rear_wheel_velocity_controller/pid/i_clamp_min] by /gazebo
[rosmaster.master][INFO] 2021-06-21 07:44:10,131: +PARAM [/racecar/left_rear_wheel_velocity_controller/pid/i_clamp_max] by /gazebo
[rosmaster.master][INFO] 2021-06-21 07:44:10,132: +PARAM [/racecar/left_rear_wheel_velocity_controller/pid/antiwindup] by /gazebo
[rosmaster.master][INFO] 2021-06-21 07:44:10,133: +PARAM [/racecar/left_rear_wheel_velocity_controller/pid/p] by /gazebo
[rosmaster.master][INFO] 2021-06-21 07:44:10,133: +PARAM [/racecar/left_rear_wheel_velocity_controller/pid/i] by /gazebo
[rosmaster.master][INFO] 2021-06-21 07:44:10,134: +PARAM [/racecar/left_rear_wheel_velocity_controller/pid/d] by /gazebo
[rosmaster.master][INFO] 2021-06-21 07:44:10,134: +PARAM [/racecar/left_rear_wheel_velocity_controller/pid/i_clamp_min] by /gazebo
[rosmaster.master][INFO] 2021-06-21 07:44:10,135: +PARAM [/racecar/left_rear_wheel_velocity_controller/pid/i_clamp_max] by /gazebo
[rosmaster.master][INFO] 2021-06-21 07:44:10,136: +PARAM [/racecar/left_rear_wheel_velocity_controller/pid/antiwindup] by /gazebo
[rosmaster.master][INFO] 2021-06-21 07:44:10,137: +PARAM [/racecar/left_rear_wheel_velocity_controller/pid/p] by /gazebo
[rosmaster.master][INFO] 2021-06-21 07:44:10,137: +PARAM [/racecar/left_rear_wheel_velocity_controller/pid/i] by /gazebo
[rosmaster.master][INFO] 2021-06-21 07:44:10,138: +PARAM [/racecar/left_rear_wheel_velocity_controller/pid/d] by /gazebo
[rosmaster.master][INFO] 2021-06-21 07:44:10,139: +PARAM [/racecar/left_rear_wheel_velocity_controller/pid/i_clamp_min] by /gazebo
[rosmaster.master][INFO] 2021-06-21 07:44:10,139: +PARAM [/racecar/left_rear_wheel_velocity_controller/pid/i_clamp_max] by /gazebo
[rosmaster.master][INFO] 2021-06-21 07:44:10,140: +PARAM [/racecar/left_rear_wheel_velocity_controller/pid/antiwindup] by /gazebo
[rosmaster.master][INFO] 2021-06-21 07:44:10,141: +PUB [/racecar/left_rear_wheel_velocity_controller/state] /gazebo http://c0cf3ac15434:33597/
[rosmaster.master][INFO] 2021-06-21 07:44:10,144: +SUB [/racecar/left_rear_wheel_velocity_controller/command] /gazebo http://c0cf3ac15434:33597/
[rosmaster.master][INFO] 2021-06-21 07:44:10,155: +SERVICE [/racecar/right_rear_wheel_velocity_controller/pid/set_parameters] /gazebo http://c0cf3ac15434:33597/
[rosmaster.master][INFO] 2021-06-21 07:44:10,156: +PUB [/racecar/right_rear_wheel_velocity_controller/pid/parameter_descriptions] /gazebo http://c0cf3ac15434:33597/
[rosmaster.master][INFO] 2021-06-21 07:44:10,157: +PUB [/racecar/right_rear_wheel_velocity_controller/pid/parameter_updates] /gazebo http://c0cf3ac15434:33597/
[rosmaster.master][INFO] 2021-06-21 07:44:10,161: +PARAM [/racecar/right_rear_wheel_velocity_controller/pid/p] by /gazebo
[rosmaster.master][INFO] 2021-06-21 07:44:10,161: +PARAM [/racecar/right_rear_wheel_velocity_controller/pid/i] by /gazebo
[rosmaster.master][INFO] 2021-06-21 07:44:10,162: +PARAM [/racecar/right_rear_wheel_velocity_controller/pid/d] by /gazebo
[rosmaster.master][INFO] 2021-06-21 07:44:10,163: +PARAM [/racecar/right_rear_wheel_velocity_controller/pid/i_clamp_min] by /gazebo
[rosmaster.master][INFO] 2021-06-21 07:44:10,173: +PARAM [/racecar/right_rear_wheel_velocity_controller/pid/i_clamp_max] by /gazebo
[rosmaster.master][INFO] 2021-06-21 07:44:10,175: +PARAM [/racecar/right_rear_wheel_velocity_controller/pid/antiwindup] by /gazebo
[rosmaster.master][INFO] 2021-06-21 07:44:10,176: +PARAM [/racecar/right_rear_wheel_velocity_controller/pid/p] by /gazebo
[rosmaster.master][INFO] 2021-06-21 07:44:10,177: +PARAM [/racecar/right_rear_wheel_velocity_controller/pid/i] by /gazebo
[rosmaster.master][INFO] 2021-06-21 07:44:10,177: +PARAM [/racecar/right_rear_wheel_velocity_controller/pid/d] by /gazebo
[rosmaster.master][INFO] 2021-06-21 07:44:10,178: +PARAM [/racecar/right_rear_wheel_velocity_controller/pid/i_clamp_min] by /gazebo
[rosmaster.master][INFO] 2021-06-21 07:44:10,179: +PARAM [/racecar/right_rear_wheel_velocity_controller/pid/i_clamp_max] by /gazebo
[rosmaster.master][INFO] 2021-06-21 07:44:10,180: +PARAM [/racecar/right_rear_wheel_velocity_controller/pid/antiwindup] by /gazebo
[rosmaster.master][INFO] 2021-06-21 07:44:10,181: +PARAM [/racecar/right_rear_wheel_velocity_controller/pid/p] by /gazebo
[rosmaster.master][INFO] 2021-06-21 07:44:10,182: +PARAM [/racecar/right_rear_wheel_velocity_controller/pid/i] by /gazebo
[rosmaster.master][INFO] 2021-06-21 07:44:10,182: +PARAM [/racecar/right_rear_wheel_velocity_controller/pid/d] by /gazebo
[rosmaster.master][INFO] 2021-06-21 07:44:10,183: +PARAM [/racecar/right_rear_wheel_velocity_controller/pid/i_clamp_min] by /gazebo
[rosmaster.master][INFO] 2021-06-21 07:44:10,183: +PARAM [/racecar/right_rear_wheel_velocity_controller/pid/i_clamp_max] by /gazebo
[rosmaster.master][INFO] 2021-06-21 07:44:10,184: +PARAM [/racecar/right_rear_wheel_velocity_controller/pid/antiwindup] by /gazebo
[rosmaster.master][INFO] 2021-06-21 07:44:10,185: +PARAM [/racecar/right_rear_wheel_velocity_controller/pid/p] by /gazebo
[rosmaster.master][INFO] 2021-06-21 07:44:10,185: +PARAM [/racecar/right_rear_wheel_velocity_controller/pid/i] by /gazebo
[rosmaster.master][INFO] 2021-06-21 07:44:10,186: +PARAM [/racecar/right_rear_wheel_velocity_controller/pid/d] by /gazebo
[rosmaster.master][INFO] 2021-06-21 07:44:10,187: +PARAM [/racecar/right_rear_wheel_velocity_controller/pid/i_clamp_min] by /gazebo
[rosmaster.master][INFO] 2021-06-21 07:44:10,188: +PARAM [/racecar/right_rear_wheel_velocity_controller/pid/i_clamp_max] by /gazebo
[rosmaster.master][INFO] 2021-06-21 07:44:10,188: +PARAM [/racecar/right_rear_wheel_velocity_controller/pid/antiwindup] by /gazebo
[rosmaster.master][INFO] 2021-06-21 07:44:10,189: +PUB [/racecar/right_rear_wheel_velocity_controller/state] /gazebo http://c0cf3ac15434:33597/
[rosmaster.master][INFO] 2021-06-21 07:44:10,193: +SUB [/racecar/right_rear_wheel_velocity_controller/command] /gazebo http://c0cf3ac15434:33597/
[rosmaster.master][INFO] 2021-06-21 07:44:10,217: +SERVICE [/racecar/left_front_wheel_velocity_controller/pid/set_parameters] /gazebo http://c0cf3ac15434:33597/
[rosmaster.master][INFO] 2021-06-21 07:44:10,218: +PUB [/racecar/left_front_wheel_velocity_controller/pid/parameter_descriptions] /gazebo http://c0cf3ac15434:33597/
[rosmaster.master][INFO] 2021-06-21 07:44:10,223: +PUB [/racecar/left_front_wheel_velocity_controller/pid/parameter_updates] /gazebo http://c0cf3ac15434:33597/
[rosmaster.master][INFO] 2021-06-21 07:44:10,231: +PARAM [/racecar/left_front_wheel_velocity_controller/pid/p] by /gazebo
[rosmaster.master][INFO] 2021-06-21 07:44:10,251: +PARAM [/racecar/left_front_wheel_velocity_controller/pid/i] by /gazebo
[rosmaster.master][INFO] 2021-06-21 07:44:10,253: +PARAM [/racecar/left_front_wheel_velocity_controller/pid/d] by /gazebo
[rosmaster.master][INFO] 2021-06-21 07:44:10,253: +PARAM [/racecar/left_front_wheel_velocity_controller/pid/i_clamp_min] by /gazebo
[rosmaster.master][INFO] 2021-06-21 07:44:10,255: +PARAM [/racecar/left_front_wheel_velocity_controller/pid/i_clamp_max] by /gazebo
[rosmaster.master][INFO] 2021-06-21 07:44:10,256: +PARAM [/racecar/left_front_wheel_velocity_controller/pid/antiwindup] by /gazebo
[rosmaster.master][INFO] 2021-06-21 07:44:10,257: +PARAM [/racecar/left_front_wheel_velocity_controller/pid/p] by /gazebo
[rosmaster.master][INFO] 2021-06-21 07:44:10,258: +PARAM [/racecar/left_front_wheel_velocity_controller/pid/i] by /gazebo
[rosmaster.master][INFO] 2021-06-21 07:44:10,258: +PARAM [/racecar/left_front_wheel_velocity_controller/pid/d] by /gazebo
[rosmaster.master][INFO] 2021-06-21 07:44:10,259: +PARAM [/racecar/left_front_wheel_velocity_controller/pid/i_clamp_min] by /gazebo
[rosmaster.master][INFO] 2021-06-21 07:44:10,260: +PARAM [/racecar/left_front_wheel_velocity_controller/pid/i_clamp_max] by /gazebo
[rosmaster.master][INFO] 2021-06-21 07:44:10,261: +PARAM [/racecar/left_front_wheel_velocity_controller/pid/antiwindup] by /gazebo
[rosmaster.master][INFO] 2021-06-21 07:44:10,262: +PARAM [/racecar/left_front_wheel_velocity_controller/pid/p] by /gazebo
[rosmaster.master][INFO] 2021-06-21 07:44:10,264: +PARAM [/racecar/left_front_wheel_velocity_controller/pid/i] by /gazebo
[rosmaster.master][INFO] 2021-06-21 07:44:10,265: +PARAM [/racecar/left_front_wheel_velocity_controller/pid/d] by /gazebo
[rosmaster.master][INFO] 2021-06-21 07:44:10,265: +PARAM [/racecar/left_front_wheel_velocity_controller/pid/i_clamp_min] by /gazebo
[rosmaster.master][INFO] 2021-06-21 07:44:10,266: +PARAM [/racecar/left_front_wheel_velocity_controller/pid/i_clamp_max] by /gazebo
[rosmaster.master][INFO] 2021-06-21 07:44:10,267: +PARAM [/racecar/left_front_wheel_velocity_controller/pid/antiwindup] by /gazebo
[rosmaster.master][INFO] 2021-06-21 07:44:10,268: +PARAM [/racecar/left_front_wheel_velocity_controller/pid/p] by /gazebo
[rosmaster.master][INFO] 2021-06-21 07:44:10,268: +PARAM [/racecar/left_front_wheel_velocity_controller/pid/i] by /gazebo
[rosmaster.master][INFO] 2021-06-21 07:44:10,269: +PARAM [/racecar/left_front_wheel_velocity_controller/pid/d] by /gazebo
[rosmaster.master][INFO] 2021-06-21 07:44:10,270: +PARAM [/racecar/left_front_wheel_velocity_controller/pid/i_clamp_min] by /gazebo
[rosmaster.master][INFO] 2021-06-21 07:44:10,270: +PARAM [/racecar/left_front_wheel_velocity_controller/pid/i_clamp_max] by /gazebo
[rosmaster.master][INFO] 2021-06-21 07:44:10,287: +PARAM [/racecar/left_front_wheel_velocity_controller/pid/antiwindup] by /gazebo
[rosmaster.master][INFO] 2021-06-21 07:44:10,288: +PUB [/racecar/left_front_wheel_velocity_controller/state] /gazebo http://c0cf3ac15434:33597/
[rosmaster.master][INFO] 2021-06-21 07:44:10,292: +SUB [/racecar/left_front_wheel_velocity_controller/command] /gazebo http://c0cf3ac15434:33597/
[rosmaster.master][INFO] 2021-06-21 07:44:10,314: +SERVICE [/racecar/right_front_wheel_velocity_controller/pid/set_parameters] /gazebo http://c0cf3ac15434:33597/
[rosmaster.master][INFO] 2021-06-21 07:44:10,319: +PUB [/racecar/right_front_wheel_velocity_controller/pid/parameter_descriptions] /gazebo http://c0cf3ac15434:33597/
[rosmaster.master][INFO] 2021-06-21 07:44:10,321: +PUB [/racecar/right_front_wheel_velocity_controller/pid/parameter_updates] /gazebo http://c0cf3ac15434:33597/
[rosmaster.master][INFO] 2021-06-21 07:44:10,326: +PARAM [/racecar/right_front_wheel_velocity_controller/pid/p] by /gazebo
[rosmaster.master][INFO] 2021-06-21 07:44:10,327: +PARAM [/racecar/right_front_wheel_velocity_controller/pid/i] by /gazebo
[rosmaster.master][INFO] 2021-06-21 07:44:10,328: +PARAM [/racecar/right_front_wheel_velocity_controller/pid/d] by /gazebo
[rosmaster.master][INFO] 2021-06-21 07:44:10,329: +PARAM [/racecar/right_front_wheel_velocity_controller/pid/i_clamp_min] by /gazebo
[rosmaster.master][INFO] 2021-06-21 07:44:10,330: +PARAM [/racecar/right_front_wheel_velocity_controller/pid/i_clamp_max] by /gazebo
[rosmaster.master][INFO] 2021-06-21 07:44:10,330: +PARAM [/racecar/right_front_wheel_velocity_controller/pid/antiwindup] by /gazebo
[rosmaster.master][INFO] 2021-06-21 07:44:10,331: +PARAM [/racecar/right_front_wheel_velocity_controller/pid/p] by /gazebo
[rosmaster.master][INFO] 2021-06-21 07:44:10,332: +PARAM [/racecar/right_front_wheel_velocity_controller/pid/i] by /gazebo
[rosmaster.master][INFO] 2021-06-21 07:44:10,333: +PARAM [/racecar/right_front_wheel_velocity_controller/pid/d] by /gazebo
[rosmaster.master][INFO] 2021-06-21 07:44:10,334: +PARAM [/racecar/right_front_wheel_velocity_controller/pid/i_clamp_min] by /gazebo
[rosmaster.master][INFO] 2021-06-21 07:44:10,334: +PARAM [/racecar/right_front_wheel_velocity_controller/pid/i_clamp_max] by /gazebo
[rosmaster.master][INFO] 2021-06-21 07:44:10,335: +PARAM [/racecar/right_front_wheel_velocity_controller/pid/antiwindup] by /gazebo
[rosmaster.master][INFO] 2021-06-21 07:44:10,336: +PARAM [/racecar/right_front_wheel_velocity_controller/pid/p] by /gazebo
[rosmaster.master][INFO] 2021-06-21 07:44:10,337: +PARAM [/racecar/right_front_wheel_velocity_controller/pid/i] by /gazebo
[rosmaster.master][INFO] 2021-06-21 07:44:10,338: +PARAM [/racecar/right_front_wheel_velocity_controller/pid/d] by /gazebo
[rosmaster.master][INFO] 2021-06-21 07:44:10,339: +PARAM [/racecar/right_front_wheel_velocity_controller/pid/i_clamp_min] by /gazebo
[rosmaster.master][INFO] 2021-06-21 07:44:10,340: +PARAM [/racecar/right_front_wheel_velocity_controller/pid/i_clamp_max] by /gazebo
[rosmaster.master][INFO] 2021-06-21 07:44:10,341: +PARAM [/racecar/right_front_wheel_velocity_controller/pid/antiwindup] by /gazebo
[rosmaster.master][INFO] 2021-06-21 07:44:10,342: +PARAM [/racecar/right_front_wheel_velocity_controller/pid/p] by /gazebo
[rosmaster.master][INFO] 2021-06-21 07:44:10,353: +PARAM [/racecar/right_front_wheel_velocity_controller/pid/i] by /gazebo
[rosmaster.master][INFO] 2021-06-21 07:44:10,354: +PARAM [/racecar/right_front_wheel_velocity_controller/pid/d] by /gazebo
[rosmaster.master][INFO] 2021-06-21 07:44:10,355: +PARAM [/racecar/right_front_wheel_velocity_controller/pid/i_clamp_min] by /gazebo
[rosmaster.master][INFO] 2021-06-21 07:44:10,356: +PARAM [/racecar/right_front_wheel_velocity_controller/pid/i_clamp_max] by /gazebo
[rosmaster.master][INFO] 2021-06-21 07:44:10,357: +PARAM [/racecar/right_front_wheel_velocity_controller/pid/antiwindup] by /gazebo
[rosmaster.master][INFO] 2021-06-21 07:44:10,358: +PUB [/racecar/right_front_wheel_velocity_controller/state] /gazebo http://c0cf3ac15434:33597/
[rosmaster.master][INFO] 2021-06-21 07:44:10,361: +SUB [/racecar/right_front_wheel_velocity_controller/command] /gazebo http://c0cf3ac15434:33597/
[rosmaster.master][INFO] 2021-06-21 07:44:10,387: +SERVICE [/racecar/left_steering_hinge_position_controller/pid/set_parameters] /gazebo http://c0cf3ac15434:33597/
[rosmaster.master][INFO] 2021-06-21 07:44:10,388: +PUB [/racecar/left_steering_hinge_position_controller/pid/parameter_descriptions] /gazebo http://c0cf3ac15434:33597/
[rosmaster.master][INFO] 2021-06-21 07:44:10,389: +PUB [/racecar/left_steering_hinge_position_controller/pid/parameter_updates] /gazebo http://c0cf3ac15434:33597/
[rosmaster.master][INFO] 2021-06-21 07:44:10,397: +PARAM [/racecar/left_steering_hinge_position_controller/pid/p] by /gazebo
[rosmaster.master][INFO] 2021-06-21 07:44:10,397: +PARAM [/racecar/left_steering_hinge_position_controller/pid/i] by /gazebo
[rosmaster.master][INFO] 2021-06-21 07:44:10,398: +PARAM [/racecar/left_steering_hinge_position_controller/pid/d] by /gazebo
[rosmaster.master][INFO] 2021-06-21 07:44:10,399: +PARAM [/racecar/left_steering_hinge_position_controller/pid/i_clamp_min] by /gazebo
[rosmaster.master][INFO] 2021-06-21 07:44:10,400: +PARAM [/racecar/left_steering_hinge_position_controller/pid/i_clamp_max] by /gazebo
[rosmaster.master][INFO] 2021-06-21 07:44:10,400: +PARAM [/racecar/left_steering_hinge_position_controller/pid/antiwindup] by /gazebo
[rosmaster.master][INFO] 2021-06-21 07:44:10,401: +PARAM [/racecar/left_steering_hinge_position_controller/pid/p] by /gazebo
[rosmaster.master][INFO] 2021-06-21 07:44:10,402: +PARAM [/racecar/left_steering_hinge_position_controller/pid/i] by /gazebo
[rosmaster.master][INFO] 2021-06-21 07:44:10,403: +PARAM [/racecar/left_steering_hinge_position_controller/pid/d] by /gazebo
[rosmaster.master][INFO] 2021-06-21 07:44:10,404: +PARAM [/racecar/left_steering_hinge_position_controller/pid/i_clamp_min] by /gazebo
[rosmaster.master][INFO] 2021-06-21 07:44:10,405: +PARAM [/racecar/left_steering_hinge_position_controller/pid/i_clamp_max] by /gazebo
[rosmaster.master][INFO] 2021-06-21 07:44:10,406: +PARAM [/racecar/left_steering_hinge_position_controller/pid/antiwindup] by /gazebo
[rosmaster.master][INFO] 2021-06-21 07:44:10,407: +PARAM [/racecar/left_steering_hinge_position_controller/pid/p] by /gazebo
[rosmaster.master][INFO] 2021-06-21 07:44:10,408: +PARAM [/racecar/left_steering_hinge_position_controller/pid/i] by /gazebo
[rosmaster.master][INFO] 2021-06-21 07:44:10,417: +PARAM [/racecar/left_steering_hinge_position_controller/pid/d] by /gazebo
[rosmaster.master][INFO] 2021-06-21 07:44:10,418: +PARAM [/racecar/left_steering_hinge_position_controller/pid/i_clamp_min] by /gazebo
[rosmaster.master][INFO] 2021-06-21 07:44:10,419: +PARAM [/racecar/left_steering_hinge_position_controller/pid/i_clamp_max] by /gazebo
[rosmaster.master][INFO] 2021-06-21 07:44:10,420: +PARAM [/racecar/left_steering_hinge_position_controller/pid/antiwindup] by /gazebo
[rosmaster.master][INFO] 2021-06-21 07:44:10,421: +PARAM [/racecar/left_steering_hinge_position_controller/pid/p] by /gazebo
[rosmaster.master][INFO] 2021-06-21 07:44:10,422: +PARAM [/racecar/left_steering_hinge_position_controller/pid/i] by /gazebo
[rosmaster.master][INFO] 2021-06-21 07:44:10,422: +PARAM [/racecar/left_steering_hinge_position_controller/pid/d] by /gazebo
[rosmaster.master][INFO] 2021-06-21 07:44:10,423: +PARAM [/racecar/left_steering_hinge_position_controller/pid/i_clamp_min] by /gazebo
[rosmaster.master][INFO] 2021-06-21 07:44:10,424: +PARAM [/racecar/left_steering_hinge_position_controller/pid/i_clamp_max] by /gazebo
[rosmaster.master][INFO] 2021-06-21 07:44:10,425: +PARAM [/racecar/left_steering_hinge_position_controller/pid/antiwindup] by /gazebo
[rosmaster.master][INFO] 2021-06-21 07:44:10,425: +PUB [/racecar/left_steering_hinge_position_controller/state] /gazebo http://c0cf3ac15434:33597/
[rosmaster.master][INFO] 2021-06-21 07:44:10,429: +SUB [/racecar/left_steering_hinge_position_controller/command] /gazebo http://c0cf3ac15434:33597/
[rosmaster.master][INFO] 2021-06-21 07:44:10,454: +SERVICE [/racecar/right_steering_hinge_position_controller/pid/set_parameters] /gazebo http://c0cf3ac15434:33597/
[rosmaster.master][INFO] 2021-06-21 07:44:10,454: +PUB [/racecar/right_steering_hinge_position_controller/pid/parameter_descriptions] /gazebo http://c0cf3ac15434:33597/
[rosmaster.master][INFO] 2021-06-21 07:44:10,455: +PUB [/racecar/right_steering_hinge_position_controller/pid/parameter_updates] /gazebo http://c0cf3ac15434:33597/
[rosmaster.master][INFO] 2021-06-21 07:44:10,459: +PARAM [/racecar/right_steering_hinge_position_controller/pid/p] by /gazebo
[rosmaster.master][INFO] 2021-06-21 07:44:10,460: +PARAM [/racecar/right_steering_hinge_position_controller/pid/i] by /gazebo
[rosmaster.master][INFO] 2021-06-21 07:44:10,461: +PARAM [/racecar/right_steering_hinge_position_controller/pid/d] by /gazebo
[rosmaster.master][INFO] 2021-06-21 07:44:10,462: +PARAM [/racecar/right_steering_hinge_position_controller/pid/i_clamp_min] by /gazebo
[rosmaster.master][INFO] 2021-06-21 07:44:10,462: +PARAM [/racecar/right_steering_hinge_position_controller/pid/i_clamp_max] by /gazebo
[rosmaster.master][INFO] 2021-06-21 07:44:10,463: +PARAM [/racecar/right_steering_hinge_position_controller/pid/antiwindup] by /gazebo
[rosmaster.master][INFO] 2021-06-21 07:44:10,464: +PARAM [/racecar/right_steering_hinge_position_controller/pid/p] by /gazebo
[rosmaster.master][INFO] 2021-06-21 07:44:10,464: +PARAM [/racecar/right_steering_hinge_position_controller/pid/i] by /gazebo
[rosmaster.master][INFO] 2021-06-21 07:44:10,465: +PARAM [/racecar/right_steering_hinge_position_controller/pid/d] by /gazebo
[rosmaster.master][INFO] 2021-06-21 07:44:10,466: +PARAM [/racecar/right_steering_hinge_position_controller/pid/i_clamp_min] by /gazebo
[rosmaster.master][INFO] 2021-06-21 07:44:10,466: +PARAM [/racecar/right_steering_hinge_position_controller/pid/i_clamp_max] by /gazebo
[rosmaster.master][INFO] 2021-06-21 07:44:10,467: +PARAM [/racecar/right_steering_hinge_position_controller/pid/antiwindup] by /gazebo
[rosmaster.master][INFO] 2021-06-21 07:44:10,468: +PARAM [/racecar/right_steering_hinge_position_controller/pid/p] by /gazebo
[rosmaster.master][INFO] 2021-06-21 07:44:10,469: +PARAM [/racecar/right_steering_hinge_position_controller/pid/i] by /gazebo
[rosmaster.master][INFO] 2021-06-21 07:44:10,473: +PARAM [/racecar/right_steering_hinge_position_controller/pid/d] by /gazebo
[rosmaster.master][INFO] 2021-06-21 07:44:10,482: +PARAM [/racecar/right_steering_hinge_position_controller/pid/i_clamp_min] by /gazebo
[rosmaster.master][INFO] 2021-06-21 07:44:10,483: +PARAM [/racecar/right_steering_hinge_position_controller/pid/i_clamp_max] by /gazebo
[rosmaster.master][INFO] 2021-06-21 07:44:10,484: +PARAM [/racecar/right_steering_hinge_position_controller/pid/antiwindup] by /gazebo
[rosmaster.master][INFO] 2021-06-21 07:44:10,484: +PARAM [/racecar/right_steering_hinge_position_controller/pid/p] by /gazebo
[rosmaster.master][INFO] 2021-06-21 07:44:10,485: +PARAM [/racecar/right_steering_hinge_position_controller/pid/i] by /gazebo
[rosmaster.master][INFO] 2021-06-21 07:44:10,486: +PARAM [/racecar/right_steering_hinge_position_controller/pid/d] by /gazebo
[rosmaster.master][INFO] 2021-06-21 07:44:10,486: +PARAM [/racecar/right_steering_hinge_position_controller/pid/i_clamp_min] by /gazebo
[rosmaster.master][INFO] 2021-06-21 07:44:10,487: +PARAM [/racecar/right_steering_hinge_position_controller/pid/i_clamp_max] by /gazebo
[rosmaster.master][INFO] 2021-06-21 07:44:10,487: +PARAM [/racecar/right_steering_hinge_position_controller/pid/antiwindup] by /gazebo
[rosmaster.master][INFO] 2021-06-21 07:44:10,488: +PUB [/racecar/right_steering_hinge_position_controller/state] /gazebo http://c0cf3ac15434:33597/
[rosmaster.master][INFO] 2021-06-21 07:44:10,492: +SUB [/racecar/right_steering_hinge_position_controller/command] /gazebo http://c0cf3ac15434:33597/
[rosmaster.master][INFO] 2021-06-21 07:44:10,504: +PUB [/racecar/joint_states] /gazebo http://c0cf3ac15434:33597/
[rosmaster.master][INFO] 2021-06-21 07:44:10,532: publisherUpdate[/racecar/joint_states] -> http://c0cf3ac15434:34631/ ['http://c0cf3ac15434:33597/']
[rosmaster.master][INFO] 2021-06-21 07:44:10,533: publisherUpdate[/racecar/joint_states] -> http://c0cf3ac15434:34631/ ['http://c0cf3ac15434:33597/']: sec=0.00, result=[1, '', 0]
[rosmaster.master][INFO] 2021-06-21 07:44:10,577: +PUB [/rosout] /car_reset_node http://c0cf3ac15434:43253/
[rosmaster.master][INFO] 2021-06-21 07:44:10,581: +SUB [/clock] /car_reset_node http://c0cf3ac15434:43253/
[rosmaster.master][INFO] 2021-06-21 07:44:10,583: +SERVICE [/car_reset_node/get_loggers] /car_reset_node http://c0cf3ac15434:43253/
[rosmaster.master][INFO] 2021-06-21 07:44:10,584: +SERVICE [/car_reset_node/set_logger_level] /car_reset_node http://c0cf3ac15434:43253/
[rosmaster.master][INFO] 2021-06-21 07:44:10,633: publisherUpdate[/rosout] -> http://c0cf3ac15434:44531/ ['http://c0cf3ac15434:33609/', 'http://c0cf3ac15434:33597/', 'http://c0cf3ac15434:36421/', 'http://c0cf3ac15434:33085/', 'http://c0cf3ac15434:34631/', 'http://c0cf3ac15434:43253/']
[rosmaster.master][INFO] 2021-06-21 07:44:10,634: publisherUpdate[/rosout] -> http://c0cf3ac15434:44531/ ['http://c0cf3ac15434:33609/', 'http://c0cf3ac15434:33597/', 'http://c0cf3ac15434:36421/', 'http://c0cf3ac15434:33085/', 'http://c0cf3ac15434:34631/', 'http://c0cf3ac15434:43253/']: sec=0.00, result=[1, '', 0]
[rosmaster.master][INFO] 2021-06-21 07:44:10,687: +PUB [/rosout] /better_odom http://c0cf3ac15434:46045/
[rosmaster.master][INFO] 2021-06-21 07:44:10,690: +SERVICE [/better_odom/get_loggers] /better_odom http://c0cf3ac15434:46045/
[rosmaster.master][INFO] 2021-06-21 07:44:10,690: +SERVICE [/better_odom/set_logger_level] /better_odom http://c0cf3ac15434:46045/
[rosmaster.master][INFO] 2021-06-21 07:44:10,697: +SUB [/clock] /better_odom http://c0cf3ac15434:46045/
[rosmaster.master][INFO] 2021-06-21 07:44:10,719: +SUB [/vesc/odom] /better_odom http://c0cf3ac15434:46045/
[rosmaster.master][INFO] 2021-06-21 07:44:10,734: publisherUpdate[/rosout] -> http://c0cf3ac15434:44531/ ['http://c0cf3ac15434:33609/', 'http://c0cf3ac15434:33597/', 'http://c0cf3ac15434:36421/', 'http://c0cf3ac15434:33085/', 'http://c0cf3ac15434:34631/', 'http://c0cf3ac15434:43253/', 'http://c0cf3ac15434:46045/']
[rosmaster.master][INFO] 2021-06-21 07:44:10,735: publisherUpdate[/rosout] -> http://c0cf3ac15434:44531/ ['http://c0cf3ac15434:33609/', 'http://c0cf3ac15434:33597/', 'http://c0cf3ac15434:36421/', 'http://c0cf3ac15434:33085/', 'http://c0cf3ac15434:34631/', 'http://c0cf3ac15434:43253/', 'http://c0cf3ac15434:46045/']: sec=0.00, result=[1, '', 0]
[rosmaster.master][INFO] 2021-06-21 07:44:12,593: +SERVICE [/deepracer_simulation/get_waypoints] /car_reset_node http://c0cf3ac15434:43253/
[rosmaster.master][INFO] 2021-06-21 07:44:12,595: +SERVICE [/deepracer_simulation/reset_car] /car_reset_node http://c0cf3ac15434:43253/
[rosmaster.master][INFO] 2021-06-21 07:54:27,948: -SUB [/clock] /car_reset_node http://c0cf3ac15434:43253/
[rosmaster.master][INFO] 2021-06-21 07:54:27,948: -PUB [/rosout] /car_reset_node http://c0cf3ac15434:43253/
[rosmaster.master][INFO] 2021-06-21 07:54:27,949: -SERVICE [/deepracer_simulation/get_waypoints] /car_reset_node rosrpc://c0cf3ac15434:39723
[rosmaster.master][INFO] 2021-06-21 07:54:27,949: -SERVICE [/deepracer_simulation/reset_car] /car_reset_node rosrpc://c0cf3ac15434:39723
[rosmaster.master][INFO] 2021-06-21 07:54:27,949: -SERVICE [/car_reset_node/set_logger_level] /car_reset_node rosrpc://c0cf3ac15434:39723
[rosmaster.master][INFO] 2021-06-21 07:54:27,949: -SERVICE [/car_reset_node/get_loggers] /car_reset_node rosrpc://c0cf3ac15434:39723
[rosmaster.master][INFO] 2021-06-21 07:54:27,993: publisherUpdate[/rosout] -> http://c0cf3ac15434:44531/ ['http://c0cf3ac15434:33609/', 'http://c0cf3ac15434:33597/', 'http://c0cf3ac15434:36421/', 'http://c0cf3ac15434:33085/', 'http://c0cf3ac15434:34631/', 'http://c0cf3ac15434:46045/']
[rosmaster.master][INFO] 2021-06-21 07:54:27,994: publisherUpdate[/rosout] -> http://c0cf3ac15434:44531/ ['http://c0cf3ac15434:33609/', 'http://c0cf3ac15434:33597/', 'http://c0cf3ac15434:36421/', 'http://c0cf3ac15434:33085/', 'http://c0cf3ac15434:34631/', 'http://c0cf3ac15434:46045/']: sec=0.00, result=[1, '', 0]
[rosmaster.master][INFO] 2021-06-21 07:54:28,024: -PUB [/rosout] /robot_state_publisher http://c0cf3ac15434:34631/
[rosmaster.master][INFO] 2021-06-21 07:54:28,024: -PUB [/tf] /robot_state_publisher http://c0cf3ac15434:34631/
[rosmaster.master][INFO] 2021-06-21 07:54:28,025: -PUB [/tf_static] /robot_state_publisher http://c0cf3ac15434:34631/
[rosmaster.master][INFO] 2021-06-21 07:54:28,025: -SUB [/clock] /robot_state_publisher http://c0cf3ac15434:34631/
[rosmaster.master][INFO] 2021-06-21 07:54:28,026: -SUB [/racecar/joint_states] /robot_state_publisher http://c0cf3ac15434:34631/
[rosmaster.master][INFO] 2021-06-21 07:54:28,027: -SERVICE [/robot_state_publisher/get_loggers] /robot_state_publisher rosrpc://c0cf3ac15434:42809
[rosmaster.master][INFO] 2021-06-21 07:54:28,027: -SERVICE [/robot_state_publisher/set_logger_level] /robot_state_publisher rosrpc://c0cf3ac15434:42809
[rosmaster.master][INFO] 2021-06-21 07:54:28,039: -PUB [/rosout] /better_odom http://c0cf3ac15434:46045/
[rosmaster.master][INFO] 2021-06-21 07:54:28,039: -SUB [/clock] /better_odom http://c0cf3ac15434:46045/
[rosmaster.master][INFO] 2021-06-21 07:54:28,040: -SUB [/vesc/odom] /better_odom http://c0cf3ac15434:46045/
[rosmaster.master][INFO] 2021-06-21 07:54:28,041: -SERVICE [/better_odom/get_loggers] /better_odom rosrpc://c0cf3ac15434:34469
[rosmaster.master][INFO] 2021-06-21 07:54:28,041: -SERVICE [/better_odom/set_logger_level] /better_odom rosrpc://c0cf3ac15434:34469
[rosmaster.master][INFO] 2021-06-21 07:54:28,094: publisherUpdate[/rosout] -> http://c0cf3ac15434:44531/ ['http://c0cf3ac15434:33609/', 'http://c0cf3ac15434:33597/', 'http://c0cf3ac15434:36421/', 'http://c0cf3ac15434:33085/', 'http://c0cf3ac15434:46045/']
[rosmaster.master][INFO] 2021-06-21 07:54:28,095: publisherUpdate[/rosout] -> http://c0cf3ac15434:44531/ ['http://c0cf3ac15434:33609/', 'http://c0cf3ac15434:33597/', 'http://c0cf3ac15434:36421/', 'http://c0cf3ac15434:33085/', 'http://c0cf3ac15434:46045/']: sec=0.00, result=[1, '', 0]
[rosmaster.master][INFO] 2021-06-21 07:54:28,095: publisherUpdate[/tf] -> http://c0cf3ac15434:33609/ []
[rosmaster.master][INFO] 2021-06-21 07:54:28,096: publisherUpdate[/tf] -> http://c0cf3ac15434:33609/ []: sec=0.00, result=[1, '', 0]
[rosmaster.master][INFO] 2021-06-21 07:54:28,096: publisherUpdate[/tf_static] -> http://c0cf3ac15434:33609/ []
[rosmaster.master][INFO] 2021-06-21 07:54:28,096: publisherUpdate[/tf_static] -> http://c0cf3ac15434:33609/ []: sec=0.00, result=[1, '', 0]
[rosmaster.master][INFO] 2021-06-21 07:54:28,096: publisherUpdate[/rosout] -> http://c0cf3ac15434:44531/ ['http://c0cf3ac15434:33609/', 'http://c0cf3ac15434:33597/', 'http://c0cf3ac15434:36421/', 'http://c0cf3ac15434:33085/']
[rosmaster.master][INFO] 2021-06-21 07:54:28,097: publisherUpdate[/rosout] -> http://c0cf3ac15434:44531/ ['http://c0cf3ac15434:33609/', 'http://c0cf3ac15434:33597/', 'http://c0cf3ac15434:36421/', 'http://c0cf3ac15434:33085/']: sec=0.00, result=[1, '', 0]
[rosmaster.master][INFO] 2021-06-21 07:54:28,126: -PUB [/gazebo_gui/parameter_descriptions] /gazebo_gui http://c0cf3ac15434:36421/
[rosmaster.master][INFO] 2021-06-21 07:54:28,127: -PUB [/gazebo_gui/parameter_updates] /gazebo_gui http://c0cf3ac15434:36421/
[rosmaster.master][INFO] 2021-06-21 07:54:28,128: -SERVICE [/gazebo_gui/set_parameters] /gazebo_gui rosrpc://c0cf3ac15434:54569
[rosmaster.master][INFO] 2021-06-21 07:54:28,253: -PUB [/rosout] /gazebo_gui http://c0cf3ac15434:36421/
[rosmaster.master][INFO] 2021-06-21 07:54:28,256: -SUB [/clock] /gazebo_gui http://c0cf3ac15434:36421/
[rosmaster.master][INFO] 2021-06-21 07:54:28,259: -SERVICE [/gazebo_gui/get_loggers] /gazebo_gui rosrpc://c0cf3ac15434:54569
[rosmaster.master][INFO] 2021-06-21 07:54:28,263: -SERVICE [/gazebo_gui/set_logger_level] /gazebo_gui rosrpc://c0cf3ac15434:54569
[rosmaster.master][INFO] 2021-06-21 07:54:28,297: publisherUpdate[/rosout] -> http://c0cf3ac15434:44531/ ['http://c0cf3ac15434:33609/', 'http://c0cf3ac15434:33597/', 'http://c0cf3ac15434:33085/']
[rosmaster.master][INFO] 2021-06-21 07:54:28,299: publisherUpdate[/rosout] -> http://c0cf3ac15434:44531/ ['http://c0cf3ac15434:33609/', 'http://c0cf3ac15434:33597/', 'http://c0cf3ac15434:33085/']: sec=0.00, result=[1, '', 0]
[rosmaster.master][INFO] 2021-06-21 07:54:42,985: -SUB [/clock] /racecar/controller_manager http://c0cf3ac15434:33085/
[rosmaster.master][INFO] 2021-06-21 07:54:42,986: -PUB [/rosout] /racecar/controller_manager http://c0cf3ac15434:33085/
[rosmaster.master][INFO] 2021-06-21 07:54:42,986: -SERVICE [/racecar/controller_manager/set_logger_level] /racecar/controller_manager rosrpc://c0cf3ac15434:38367
[rosmaster.master][INFO] 2021-06-21 07:54:42,987: -SERVICE [/racecar/controller_manager/get_loggers] /racecar/controller_manager rosrpc://c0cf3ac15434:38367
[rosmaster.master][INFO] 2021-06-21 07:54:43,025: publisherUpdate[/rosout] -> http://c0cf3ac15434:44531/ ['http://c0cf3ac15434:33609/', 'http://c0cf3ac15434:33597/']
[rosmaster.master][INFO] 2021-06-21 07:54:43,025: publisherUpdate[/rosout] -> http://c0cf3ac15434:44531/ ['http://c0cf3ac15434:33609/', 'http://c0cf3ac15434:33597/']: sec=0.00, result=[1, '', 0]
[rosmaster.master][INFO] 2021-06-21 07:54:43,326: -PUB [/rosout_agg] /rosout http://c0cf3ac15434:44531/
[rosmaster.master][INFO] 2021-06-21 07:54:43,327: -SUB [/clock] /rosout http://c0cf3ac15434:44531/
[rosmaster.master][INFO] 2021-06-21 07:54:43,328: -SUB [/rosout] /rosout http://c0cf3ac15434:44531/
[rosmaster.master][INFO] 2021-06-21 07:54:43,328: -SERVICE [/rosout/get_loggers] /rosout rosrpc://c0cf3ac15434:57505
[rosmaster.master][INFO] 2021-06-21 07:54:43,329: -SERVICE [/rosout/set_logger_level] /rosout rosrpc://c0cf3ac15434:57505
[rosmaster.main][INFO] 2021-06-21 07:54:43,380: keyboard interrupt, will exit
[rosmaster.main][INFO] 2021-06-21 07:54:43,380: stopping master...
[rospy.core][INFO] 2021-06-21 07:54:43,381: signal_shutdown [atexit]
