[rospy.client][INFO] 2021-06-21 07:44:09,134: init_node, name[/racecar_spawn], pid[1050]
[xmlrpc][INFO] 2021-06-21 07:44:09,134: XML-RPC server binding to 0.0.0.0:0
[xmlrpc][INFO] 2021-06-21 07:44:09,134: Started XML-RPC server [http://c0cf3ac15434:41013/]
[rospy.init][INFO] 2021-06-21 07:44:09,134: ROS Slave URI: [http://c0cf3ac15434:41013/]
[rospy.impl.masterslave][INFO] 2021-06-21 07:44:09,135: _ready: http://c0cf3ac15434:41013/
[xmlrpc][INFO] 2021-06-21 07:44:09,135: xml rpc node: starting XML-RPC server
[rospy.registration][INFO] 2021-06-21 07:44:09,135: Registering with master node http://localhost:11311
[rospy.init][INFO] 2021-06-21 07:44:09,235: registered with master
[rospy.rosout][INFO] 2021-06-21 07:44:09,235: initializing /rosout core topic
[rospy.rosout][INFO] 2021-06-21 07:44:09,238: connected to core topic /rosout
[rospy.simtime][INFO] 2021-06-21 07:44:09,240: initializing /clock core topic
[rospy.simtime][INFO] 2021-06-21 07:44:09,243: connected to core topic /clock
[rosout][INFO] 2021-06-21 07:44:09,246: Loading model XML from ros parameter
[rosout][INFO] 2021-06-21 07:44:09,252: Waiting for service /gazebo/spawn_urdf_model
[rospy.internal][INFO] 2021-06-21 07:44:09,253: topic[/clock] adding connection to [http://c0cf3ac15434:33597/], count 0
[rosout][INFO] 2021-06-21 07:44:09,255: Calling service /gazebo/spawn_urdf_model
[rosout][INFO] 2021-06-21 07:44:09,481: Spawn status: SpawnModel: Successfully spawned entity
[rospy.core][INFO] 2021-06-21 07:44:09,482: signal_shutdown [atexit]
[rospy.internal][INFO] 2021-06-21 07:44:09,495: topic[/clock] removing connection to http://c0cf3ac15434:33597/
[rospy.impl.masterslave][INFO] 2021-06-21 07:44:09,495: atexit
