[roslaunch][INFO] 2021-06-21 07:44:05,651: Checking log directory for disk usage. This may take awhile.
Press Ctrl-C to interrupt
[roslaunch][INFO] 2021-06-21 07:44:05,654: Done checking log file disk usage. Usage is <1GB.
[roslaunch][INFO] 2021-06-21 07:44:05,654: roslaunch starting with args ['/opt/ros/kinetic/bin/roslaunch', 'deepracer_simulation', 'distributed_training.launch']
[roslaunch][INFO] 2021-06-21 07:44:05,654: roslaunch env is {'METRICS_S3_OBJECT_KEY': 'custom_files/metric.json', 'ROS_DISTRO': 'kinetic', 'SAGEMAKER_SHARED_S3_BUCKET': 'bucket', 'S3_ENDPOINT_URL': 'http://minio:9000', 'AWS_SECRET_ACCESS_KEY': 'miniokey', 'ROBOMAKER_RUN_TYPE': 'distributed_training', 'WORLD_NAME': 'AWS_track', 'ROS_PACKAGE_PATH': '/app/robomaker-deepracer/simulation_ws/install/deepracer_simulation/share:/opt/ros/kinetic/share', 'MODEL_S3_PREFIX': 'rl-deepracer-sagemaker', 'PATH': '/app/robomaker-deepracer/simulation_ws/install/sagemaker_rl_agent/bin:/opt/ros/kinetic/bin:/usr/local/sbin:/usr/local/bin:/usr/sbin:/usr/bin:/sbin:/bin', 'CMAKE_PREFIX_PATH': '/app/robomaker-deepracer/simulation_ws/install/deepracer_simulation:/opt/ros/kinetic', 'LD_LIBRARY_PATH': '/opt/ros/kinetic/lib:/opt/ros/kinetic/lib/x86_64-linux-gnu', 'LANG': 'C.UTF-8', 'REWARD_FILE_S3_KEY': 'custom_files/reward.py', 'ROS_AWS_REGION': 'us-east-1', 'GPU_AVAILABLE': 'True', 'ROS_LOG_FILENAME': '/root/.ros/log/7463028e-d264-11eb-acdd-0242ac120004/roslaunch-c0cf3ac15434-810.log', 'XAUTHORITY': '/root/.Xauthority', 'SHLVL': '2', 'APP_REGION': 'us-east-1', 'AWS_REGION': 'us-east-1', 'LOCAL_ENV_VAR_JSON_PATH': 'env_vars.json', 'ROS_ETC_DIR': '/opt/ros/kinetic/etc/ros', 'COLCON_PREFIX_PATH': '/app/robomaker-deepracer/simulation_ws/install', 'BUNDLE_CURRENT_PREFIX': '/app/robomaker-deepracer/simulation_ws/', 'SAGEMAKER_SHARED_S3_PREFIX': 'rl-deepracer-sagemaker', 'DISPLAY_N': ':0', 'HOME': '/root', 'METRICS_S3_BUCKET': 'bucket', 'MINIO_SECRET_KEY': 'miniokey', 'TRAINING_JOB_ARN': 'aaa', 'PYTHONPATH': '/app/robomaker-deepracer/simulation_ws/install/sagemaker_rl_agent/lib/python3.5/site-packages:/app/robomaker-deepracer/simulation_ws/install/deepracer_simulation/lib/python2.7/dist-packages:/opt/ros/kinetic/lib/python2.7/dist-packages', 'AWS_ROBOMAKER_SIMULATION_JOB_ID': 'aaa', 'METRIC_NAMESPACE': 'deepracer', 'ROS_ROOT': '/opt/ros/kinetic/share/ros', 'PKG_CONFIG_PATH': '/app/robomaker-deepracer/simulation_ws/install/deepracer_simulation/lib/pkgconfig:/opt/ros/kinetic/lib/pkgconfig:/opt/ros/kinetic/lib/x86_64-linux-gnu/pkgconfig', 'LC_ALL': 'C.UTF-8', 'TARGET_REWARD_SCORE': '100000', 'LOCAL': 'True', 'AWS_ACCESS_KEY_ID': 'minio', '_': '/opt/ros/kinetic/bin/roslaunch', 'MODEL_METADATA_FILE_S3_KEY': 'custom_files/model_metadata.json', 'MARKOV_PRESET_FILE': 'deepracer.py', 'AWS_DEFAULT_REGION': 'us-east-1', 'NUMBER_OF_TRIALS': '5', 'DISPLAY': ':0', 'METRIC_NAME': 'reward', 'MODEL_S3_BUCKET': 'bucket', 'NUMBER_OF_EPISODES': '20000', 'HOSTNAME': 'c0cf3ac15434', 'ROSLISP_PACKAGE_DIRECTORIES': '', 'MINIO_ACCESS_KEY': 'minio', 'PWD': '/app/robomaker-deepracer/simulation_ws', 'ROS_MASTER_URI': 'http://localhost:11311', 'ROS_VERSION': '1', 'ROBOMAKER_SIMULATION_JOB_ACCOUNT_ID': 'aaa'}
[roslaunch][INFO] 2021-06-21 07:44:05,654: starting in server mode
[roslaunch.parent][INFO] 2021-06-21 07:44:05,654: starting roslaunch parent run
[roslaunch][INFO] 2021-06-21 07:44:05,654: loading roscore config file /opt/ros/kinetic/etc/ros/roscore.xml
[roslaunch][INFO] 2021-06-21 07:44:05,808: Added core node of type [rosout/rosout] in namespace [/]
[roslaunch.config][INFO] 2021-06-21 07:44:05,809: loading config file /app/robomaker-deepracer/simulation_ws/install/deepracer_simulation/share/deepracer_simulation/launch/distributed_training.launch
[roslaunch][INFO] 2021-06-21 07:44:05,842: Added node of type [gazebo_ros/gzserver] in namespace [/]
[roslaunch][INFO] 2021-06-21 07:44:05,843: Added node of type [gazebo_ros/gzclient] in namespace [/]
[roslaunch][INFO] 2021-06-21 07:44:06,079: Added node of type [gazebo_ros/spawn_model] in namespace [/]
[roslaunch][INFO] 2021-06-21 07:44:06,091: Added node of type [controller_manager/spawner] in namespace [/racecar/]
[roslaunch][INFO] 2021-06-21 07:44:06,091: Added node of type [robot_state_publisher/robot_state_publisher] in namespace [/]
[roslaunch][INFO] 2021-06-21 07:44:06,091: Added node of type [deepracer_simulation/car_node.py] in namespace [/]
[roslaunch][INFO] 2021-06-21 07:44:06,092: Added node of type [topic_tools/relay] in namespace [/]
[roslaunch][INFO] 2021-06-21 07:44:06,092: Added node of type [deepracer_simulation/run_rollout_rl_agent.sh] in namespace [/]
[roslaunch][INFO] 2021-06-21 07:44:06,092: ... selected machine [] for node of type [gazebo_ros/gzserver]
[roslaunch][INFO] 2021-06-21 07:44:06,092: ... selected machine [] for node of type [gazebo_ros/gzclient]
[roslaunch][INFO] 2021-06-21 07:44:06,092: ... selected machine [] for node of type [gazebo_ros/spawn_model]
[roslaunch][INFO] 2021-06-21 07:44:06,092: ... selected machine [] for node of type [controller_manager/spawner]
[roslaunch][INFO] 2021-06-21 07:44:06,092: ... selected machine [] for node of type [robot_state_publisher/robot_state_publisher]
[roslaunch][INFO] 2021-06-21 07:44:06,092: ... selected machine [] for node of type [deepracer_simulation/car_node.py]
[roslaunch][INFO] 2021-06-21 07:44:06,092: ... selected machine [] for node of type [topic_tools/relay]
[roslaunch][INFO] 2021-06-21 07:44:06,092: ... selected machine [] for node of type [deepracer_simulation/run_rollout_rl_agent.sh]
[roslaunch.pmon][INFO] 2021-06-21 07:44:06,093: start_process_monitor: creating ProcessMonitor
[roslaunch.pmon][INFO] 2021-06-21 07:44:06,093: created process monitor <ProcessMonitor(ProcessMonitor-1, initial daemon)>
[roslaunch.pmon][INFO] 2021-06-21 07:44:06,093: start_process_monitor: ProcessMonitor started
[roslaunch.parent][INFO] 2021-06-21 07:44:06,093: starting parent XML-RPC server
[roslaunch.server][INFO] 2021-06-21 07:44:06,094: starting roslaunch XML-RPC server
[roslaunch.server][INFO] 2021-06-21 07:44:06,094: waiting for roslaunch XML-RPC server to initialize
[xmlrpc][INFO] 2021-06-21 07:44:06,094: XML-RPC server binding to 0.0.0.0:0
[xmlrpc][INFO] 2021-06-21 07:44:06,094: Started XML-RPC server [http://c0cf3ac15434:42895/]
[xmlrpc][INFO] 2021-06-21 07:44:06,094: xml rpc node: starting XML-RPC server
[roslaunch][INFO] 2021-06-21 07:44:06,105: started roslaunch server http://c0cf3ac15434:42895/
[roslaunch.parent][INFO] 2021-06-21 07:44:06,105: ... parent XML-RPC server started
[roslaunch][INFO] 2021-06-21 07:44:06,106: master.is_running[http://localhost:11311]
[roslaunch][INFO] 2021-06-21 07:44:06,106: auto-starting new master
[roslaunch][INFO] 2021-06-21 07:44:06,106: create_master_process: rosmaster, /opt/ros/kinetic/share/ros, 11311, 3, None
[roslaunch][INFO] 2021-06-21 07:44:06,106: process[master]: launching with args [['rosmaster', '--core', '-p', '11311', '-w', '3']]
[roslaunch.pmon][INFO] 2021-06-21 07:44:06,106: ProcessMonitor.register[master]
[roslaunch.pmon][INFO] 2021-06-21 07:44:06,106: ProcessMonitor.register[master] complete
[roslaunch][INFO] 2021-06-21 07:44:06,107: process[master]: starting os process
[roslaunch][INFO] 2021-06-21 07:44:06,107: process[master]: start w/ args [['rosmaster', '--core', '-p', '11311', '-w', '3', '__log:=/root/.ros/log/7463028e-d264-11eb-acdd-0242ac120004/master.log']]
[roslaunch][INFO] 2021-06-21 07:44:06,107: process[master]: cwd will be [/root/.ros]
[roslaunch][INFO] 2021-06-21 07:44:06,553: process[master]: started with pid [859]
[roslaunch][INFO] 2021-06-21 07:44:06,553: master.is_running[http://localhost:11311]
[roslaunch][INFO] 2021-06-21 07:44:06,654: master.is_running[http://localhost:11311]
[roslaunch][INFO] 2021-06-21 07:44:06,754: master.is_running[http://localhost:11311]
[roslaunch][INFO] 2021-06-21 07:44:06,756: master.is_running[http://localhost:11311]
[roslaunch][INFO] 2021-06-21 07:44:06,756: ROS_MASTER_URI=http://localhost:11311
[roslaunch][INFO] 2021-06-21 07:44:06,757: setting /run_id to 7463028e-d264-11eb-acdd-0242ac120004
[roslaunch][INFO] 2021-06-21 07:44:06,759: setting /roslaunch/uris/host_c0cf3ac15434__42895' to http://c0cf3ac15434:42895/
[roslaunch][INFO] 2021-06-21 07:44:06,761: ... preparing to launch node of type [rosout/rosout]
[roslaunch][INFO] 2021-06-21 07:44:06,761: create_node_process: package[rosout] type[rosout] machine[Machine(name[] env_loader[None] address[localhost] ssh_port[22] user[None] assignable[True] timeout[10.0])] master_uri[http://localhost:11311]
[roslaunch][INFO] 2021-06-21 07:44:06,761: process[rosout-1]: env[{'METRICS_S3_OBJECT_KEY': 'custom_files/metric.json', 'ROS_DISTRO': 'kinetic', 'SAGEMAKER_SHARED_S3_BUCKET': 'bucket', 'ROS_VERSION': '1', 'S3_ENDPOINT_URL': 'http://minio:9000', 'ROSLISP_PACKAGE_DIRECTORIES': '', 'ROBOMAKER_RUN_TYPE': 'distributed_training', 'WORLD_NAME': 'AWS_track', 'HOME': '/root', 'MODEL_S3_PREFIX': 'rl-deepracer-sagemaker', 'PATH': '/app/robomaker-deepracer/simulation_ws/install/sagemaker_rl_agent/bin:/opt/ros/kinetic/bin:/usr/local/sbin:/usr/local/bin:/usr/sbin:/usr/bin:/sbin:/bin', 'CMAKE_PREFIX_PATH': '/app/robomaker-deepracer/simulation_ws/install/deepracer_simulation:/opt/ros/kinetic', 'ROS_LOG_FILENAME': '/root/.ros/log/7463028e-d264-11eb-acdd-0242ac120004/roslaunch-c0cf3ac15434-810.log', 'LANG': 'C.UTF-8', 'REWARD_FILE_S3_KEY': 'custom_files/reward.py', 'GPU_AVAILABLE': 'True', 'XAUTHORITY': '/root/.Xauthority', 'SHLVL': '2', 'APP_REGION': 'us-east-1', 'AWS_REGION': 'us-east-1', 'LOCAL_ENV_VAR_JSON_PATH': 'env_vars.json', 'LD_LIBRARY_PATH': '/opt/ros/kinetic/lib:/opt/ros/kinetic/lib/x86_64-linux-gnu', 'BUNDLE_CURRENT_PREFIX': '/app/robomaker-deepracer/simulation_ws/', 'SAGEMAKER_SHARED_S3_PREFIX': 'rl-deepracer-sagemaker', 'DISPLAY_N': ':0', 'TARGET_REWARD_SCORE': '100000', 'NUMBER_OF_EPISODES': '20000', 'METRICS_S3_BUCKET': 'bucket', 'LC_ALL': 'C.UTF-8', 'MINIO_SECRET_KEY': 'miniokey', 'TRAINING_JOB_ARN': 'aaa', 'PYTHONPATH': '/app/robomaker-deepracer/simulation_ws/install/sagemaker_rl_agent/lib/python3.5/site-packages:/app/robomaker-deepracer/simulation_ws/install/deepracer_simulation/lib/python2.7/dist-packages:/opt/ros/kinetic/lib/python2.7/dist-packages', 'AWS_ROBOMAKER_SIMULATION_JOB_ID': 'aaa', 'METRIC_NAMESPACE': 'deepracer', 'ROS_AWS_REGION': 'us-east-1', 'PKG_CONFIG_PATH': '/app/robomaker-deepracer/simulation_ws/install/deepracer_simulation/lib/pkgconfig:/opt/ros/kinetic/lib/pkgconfig:/opt/ros/kinetic/lib/x86_64-linux-gnu/pkgconfig', 'ROS_PACKAGE_PATH': '/app/robomaker-deepracer/simulation_ws/install/deepracer_simulation/share:/opt/ros/kinetic/share', 'ROS_ROOT': '/opt/ros/kinetic/share/ros', 'LOCAL': 'True', 'AWS_ACCESS_KEY_ID': 'minio', '_': '/opt/ros/kinetic/bin/roslaunch', 'METRIC_NAME': 'reward', 'MARKOV_PRESET_FILE': 'deepracer.py', 'AWS_DEFAULT_REGION': 'us-east-1', 'NUMBER_OF_TRIALS': '5', 'DISPLAY': ':0', 'MODEL_METADATA_FILE_S3_KEY': 'custom_files/model_metadata.json', 'MODEL_S3_BUCKET': 'bucket', 'HOSTNAME': 'c0cf3ac15434', 'COLCON_PREFIX_PATH': '/app/robomaker-deepracer/simulation_ws/install', 'MINIO_ACCESS_KEY': 'minio', 'PWD': '/app/robomaker-deepracer/simulation_ws', 'ROS_ETC_DIR': '/opt/ros/kinetic/etc/ros', 'ROS_MASTER_URI': 'http://localhost:11311', 'AWS_SECRET_ACCESS_KEY': 'miniokey', 'ROBOMAKER_SIMULATION_JOB_ACCOUNT_ID': 'aaa'}]
[roslaunch][INFO] 2021-06-21 07:44:06,790: process[rosout-1]: args[[u'/opt/ros/kinetic/lib/rosout/rosout', u'__name:=rosout']]
[roslaunch][INFO] 2021-06-21 07:44:06,790: ... created process [rosout-1]
[roslaunch.pmon][INFO] 2021-06-21 07:44:06,790: ProcessMonitor.register[rosout-1]
[roslaunch.pmon][INFO] 2021-06-21 07:44:06,790: ProcessMonitor.register[rosout-1] complete
[roslaunch][INFO] 2021-06-21 07:44:06,790: ... registered process [rosout-1]
[roslaunch][INFO] 2021-06-21 07:44:06,790: process[rosout-1]: starting os process
[roslaunch][INFO] 2021-06-21 07:44:06,790: process[rosout-1]: start w/ args [[u'/opt/ros/kinetic/lib/rosout/rosout', u'__name:=rosout', u'__log:=/root/.ros/log/7463028e-d264-11eb-acdd-0242ac120004/rosout-1.log']]
[roslaunch][INFO] 2021-06-21 07:44:06,791: process[rosout-1]: cwd will be [/root/.ros]
[roslaunch][INFO] 2021-06-21 07:44:07,247: process[rosout-1]: started with pid [909]
[roslaunch][INFO] 2021-06-21 07:44:07,247: ... successfully launched [rosout-1]
[roslaunch][INFO] 2021-06-21 07:44:07,248: load_parameters starting ...
[roslaunch][INFO] 2021-06-21 07:44:07,275: ... load_parameters complete
[roslaunch][INFO] 2021-06-21 07:44:07,275: launch_nodes: launching local nodes ...
[roslaunch][INFO] 2021-06-21 07:44:07,276: ... preparing to launch node of type [gazebo_ros/gzserver]
[roslaunch][INFO] 2021-06-21 07:44:07,276: create_node_process: package[gazebo_ros] type[gzserver] machine[Machine(name[] env_loader[None] address[localhost] ssh_port[22] user[None] assignable[True] timeout[10.0])] master_uri[http://localhost:11311]
[roslaunch][INFO] 2021-06-21 07:44:07,276: process[gazebo-2]: env[{'METRICS_S3_OBJECT_KEY': 'custom_files/metric.json', 'ROS_DISTRO': 'kinetic', 'SAGEMAKER_SHARED_S3_BUCKET': 'bucket', 'ROS_VERSION': '1', 'S3_ENDPOINT_URL': 'http://minio:9000', 'ROSLISP_PACKAGE_DIRECTORIES': '', 'ROBOMAKER_RUN_TYPE': 'distributed_training', 'WORLD_NAME': 'AWS_track', 'HOME': '/root', 'MODEL_S3_PREFIX': 'rl-deepracer-sagemaker', 'PATH': '/app/robomaker-deepracer/simulation_ws/install/sagemaker_rl_agent/bin:/opt/ros/kinetic/bin:/usr/local/sbin:/usr/local/bin:/usr/sbin:/usr/bin:/sbin:/bin', 'CMAKE_PREFIX_PATH': '/app/robomaker-deepracer/simulation_ws/install/deepracer_simulation:/opt/ros/kinetic', 'ROS_LOG_FILENAME': '/root/.ros/log/7463028e-d264-11eb-acdd-0242ac120004/roslaunch-c0cf3ac15434-810.log', 'LANG': 'C.UTF-8', 'REWARD_FILE_S3_KEY': 'custom_files/reward.py', 'GPU_AVAILABLE': 'True', 'XAUTHORITY': '/root/.Xauthority', 'SHLVL': '2', 'APP_REGION': 'us-east-1', 'AWS_REGION': 'us-east-1', 'LOCAL_ENV_VAR_JSON_PATH': 'env_vars.json', 'LD_LIBRARY_PATH': '/opt/ros/kinetic/lib:/opt/ros/kinetic/lib/x86_64-linux-gnu', 'BUNDLE_CURRENT_PREFIX': '/app/robomaker-deepracer/simulation_ws/', 'SAGEMAKER_SHARED_S3_PREFIX': 'rl-deepracer-sagemaker', 'DISPLAY_N': ':0', 'TARGET_REWARD_SCORE': '100000', 'NUMBER_OF_EPISODES': '20000', 'METRICS_S3_BUCKET': 'bucket', 'LC_ALL': 'C.UTF-8', 'MINIO_SECRET_KEY': 'miniokey', 'TRAINING_JOB_ARN': 'aaa', 'PYTHONPATH': '/app/robomaker-deepracer/simulation_ws/install/sagemaker_rl_agent/lib/python3.5/site-packages:/app/robomaker-deepracer/simulation_ws/install/deepracer_simulation/lib/python2.7/dist-packages:/opt/ros/kinetic/lib/python2.7/dist-packages', 'AWS_ROBOMAKER_SIMULATION_JOB_ID': 'aaa', 'METRIC_NAMESPACE': 'deepracer', 'ROS_AWS_REGION': 'us-east-1', 'PKG_CONFIG_PATH': '/app/robomaker-deepracer/simulation_ws/install/deepracer_simulation/lib/pkgconfig:/opt/ros/kinetic/lib/pkgconfig:/opt/ros/kinetic/lib/x86_64-linux-gnu/pkgconfig', 'ROS_PACKAGE_PATH': '/app/robomaker-deepracer/simulation_ws/install/deepracer_simulation/share:/opt/ros/kinetic/share', 'ROS_ROOT': '/opt/ros/kinetic/share/ros', 'LOCAL': 'True', 'AWS_ACCESS_KEY_ID': 'minio', '_': '/opt/ros/kinetic/bin/roslaunch', 'METRIC_NAME': 'reward', 'MARKOV_PRESET_FILE': 'deepracer.py', 'AWS_DEFAULT_REGION': 'us-east-1', 'NUMBER_OF_TRIALS': '5', 'DISPLAY': ':0', 'MODEL_METADATA_FILE_S3_KEY': 'custom_files/model_metadata.json', 'MODEL_S3_BUCKET': 'bucket', 'HOSTNAME': 'c0cf3ac15434', 'COLCON_PREFIX_PATH': '/app/robomaker-deepracer/simulation_ws/install', 'MINIO_ACCESS_KEY': 'minio', 'PWD': '/app/robomaker-deepracer/simulation_ws', 'ROS_ETC_DIR': '/opt/ros/kinetic/etc/ros', 'ROS_MASTER_URI': 'http://localhost:11311', 'AWS_SECRET_ACCESS_KEY': 'miniokey', 'ROBOMAKER_SIMULATION_JOB_ACCOUNT_ID': 'aaa'}]
[roslaunch][INFO] 2021-06-21 07:44:07,277: process[gazebo-2]: args[[u'/opt/ros/kinetic/lib/gazebo_ros/gzserver', '-e', 'ode', '/app/robomaker-deepracer/simulation_ws/install/deepracer_simulation/share/deepracer_simulation/worlds/AWS_track.world', u'__name:=gazebo']]
[roslaunch][INFO] 2021-06-21 07:44:07,277: ... created process [gazebo-2]
[roslaunch.pmon][INFO] 2021-06-21 07:44:07,277: ProcessMonitor.register[gazebo-2]
[roslaunch.pmon][INFO] 2021-06-21 07:44:07,277: ProcessMonitor.register[gazebo-2] complete
[roslaunch][INFO] 2021-06-21 07:44:07,277: ... registered process [gazebo-2]
[roslaunch][INFO] 2021-06-21 07:44:07,277: process[gazebo-2]: starting os process
[roslaunch][INFO] 2021-06-21 07:44:07,277: process[gazebo-2]: start w/ args [[u'/opt/ros/kinetic/lib/gazebo_ros/gzserver', '-e', 'ode', '/app/robomaker-deepracer/simulation_ws/install/deepracer_simulation/share/deepracer_simulation/worlds/AWS_track.world', u'__name:=gazebo', u'__log:=/root/.ros/log/7463028e-d264-11eb-acdd-0242ac120004/gazebo-2.log']]
[roslaunch][INFO] 2021-06-21 07:44:07,278: process[gazebo-2]: cwd will be [/root/.ros]
[roslaunch][INFO] 2021-06-21 07:44:07,725: process[gazebo-2]: started with pid [957]
[roslaunch][INFO] 2021-06-21 07:44:07,726: ... successfully launched [gazebo-2]
[roslaunch][INFO] 2021-06-21 07:44:07,726: ... preparing to launch node of type [gazebo_ros/gzclient]
[roslaunch][INFO] 2021-06-21 07:44:07,726: create_node_process: package[gazebo_ros] type[gzclient] machine[Machine(name[] env_loader[None] address[localhost] ssh_port[22] user[None] assignable[True] timeout[10.0])] master_uri[http://localhost:11311]
[roslaunch][INFO] 2021-06-21 07:44:07,726: process[gazebo_gui-3]: env[{'METRICS_S3_OBJECT_KEY': 'custom_files/metric.json', 'ROS_DISTRO': 'kinetic', 'SAGEMAKER_SHARED_S3_BUCKET': 'bucket', 'ROS_VERSION': '1', 'S3_ENDPOINT_URL': 'http://minio:9000', 'ROSLISP_PACKAGE_DIRECTORIES': '', 'ROBOMAKER_RUN_TYPE': 'distributed_training', 'WORLD_NAME': 'AWS_track', 'HOME': '/root', 'MODEL_S3_PREFIX': 'rl-deepracer-sagemaker', 'PATH': '/app/robomaker-deepracer/simulation_ws/install/sagemaker_rl_agent/bin:/opt/ros/kinetic/bin:/usr/local/sbin:/usr/local/bin:/usr/sbin:/usr/bin:/sbin:/bin', 'CMAKE_PREFIX_PATH': '/app/robomaker-deepracer/simulation_ws/install/deepracer_simulation:/opt/ros/kinetic', 'ROS_LOG_FILENAME': '/root/.ros/log/7463028e-d264-11eb-acdd-0242ac120004/roslaunch-c0cf3ac15434-810.log', 'LANG': 'C.UTF-8', 'REWARD_FILE_S3_KEY': 'custom_files/reward.py', 'GPU_AVAILABLE': 'True', 'XAUTHORITY': '/root/.Xauthority', 'SHLVL': '2', 'APP_REGION': 'us-east-1', 'AWS_REGION': 'us-east-1', 'LOCAL_ENV_VAR_JSON_PATH': 'env_vars.json', 'LD_LIBRARY_PATH': '/opt/ros/kinetic/lib:/opt/ros/kinetic/lib/x86_64-linux-gnu', 'BUNDLE_CURRENT_PREFIX': '/app/robomaker-deepracer/simulation_ws/', 'SAGEMAKER_SHARED_S3_PREFIX': 'rl-deepracer-sagemaker', 'DISPLAY_N': ':0', 'TARGET_REWARD_SCORE': '100000', 'NUMBER_OF_EPISODES': '20000', 'METRICS_S3_BUCKET': 'bucket', 'LC_ALL': 'C.UTF-8', 'MINIO_SECRET_KEY': 'miniokey', 'TRAINING_JOB_ARN': 'aaa', 'PYTHONPATH': '/app/robomaker-deepracer/simulation_ws/install/sagemaker_rl_agent/lib/python3.5/site-packages:/app/robomaker-deepracer/simulation_ws/install/deepracer_simulation/lib/python2.7/dist-packages:/opt/ros/kinetic/lib/python2.7/dist-packages', 'AWS_ROBOMAKER_SIMULATION_JOB_ID': 'aaa', 'METRIC_NAMESPACE': 'deepracer', 'ROS_AWS_REGION': 'us-east-1', 'PKG_CONFIG_PATH': '/app/robomaker-deepracer/simulation_ws/install/deepracer_simulation/lib/pkgconfig:/opt/ros/kinetic/lib/pkgconfig:/opt/ros/kinetic/lib/x86_64-linux-gnu/pkgconfig', 'ROS_PACKAGE_PATH': '/app/robomaker-deepracer/simulation_ws/install/deepracer_simulation/share:/opt/ros/kinetic/share', 'ROS_ROOT': '/opt/ros/kinetic/share/ros', 'LOCAL': 'True', 'AWS_ACCESS_KEY_ID': 'minio', '_': '/opt/ros/kinetic/bin/roslaunch', 'METRIC_NAME': 'reward', 'MARKOV_PRESET_FILE': 'deepracer.py', 'AWS_DEFAULT_REGION': 'us-east-1', 'NUMBER_OF_TRIALS': '5', 'DISPLAY': ':0', 'MODEL_METADATA_FILE_S3_KEY': 'custom_files/model_metadata.json', 'MODEL_S3_BUCKET': 'bucket', 'HOSTNAME': 'c0cf3ac15434', 'COLCON_PREFIX_PATH': '/app/robomaker-deepracer/simulation_ws/install', 'MINIO_ACCESS_KEY': 'minio', 'PWD': '/app/robomaker-deepracer/simulation_ws', 'ROS_ETC_DIR': '/opt/ros/kinetic/etc/ros', 'ROS_MASTER_URI': 'http://localhost:11311', 'AWS_SECRET_ACCESS_KEY': 'miniokey', 'ROBOMAKER_SIMULATION_JOB_ACCOUNT_ID': 'aaa'}]
[roslaunch][INFO] 2021-06-21 07:44:07,727: process[gazebo_gui-3]: args[[u'/opt/ros/kinetic/lib/gazebo_ros/gzclient', u'__name:=gazebo_gui']]
[roslaunch][INFO] 2021-06-21 07:44:07,727: ... created process [gazebo_gui-3]
[roslaunch.pmon][INFO] 2021-06-21 07:44:07,727: ProcessMonitor.register[gazebo_gui-3]
[roslaunch.pmon][INFO] 2021-06-21 07:44:07,727: ProcessMonitor.register[gazebo_gui-3] complete
[roslaunch][INFO] 2021-06-21 07:44:07,727: ... registered process [gazebo_gui-3]
[roslaunch][INFO] 2021-06-21 07:44:07,727: process[gazebo_gui-3]: starting os process
[roslaunch][INFO] 2021-06-21 07:44:07,728: process[gazebo_gui-3]: start w/ args [[u'/opt/ros/kinetic/lib/gazebo_ros/gzclient', u'__name:=gazebo_gui', u'__log:=/root/.ros/log/7463028e-d264-11eb-acdd-0242ac120004/gazebo_gui-3.log']]
[roslaunch][INFO] 2021-06-21 07:44:07,728: process[gazebo_gui-3]: cwd will be [/root/.ros]
[roslaunch][INFO] 2021-06-21 07:44:08,192: process[gazebo_gui-3]: started with pid [962]
[roslaunch][INFO] 2021-06-21 07:44:08,192: ... successfully launched [gazebo_gui-3]
[roslaunch][INFO] 2021-06-21 07:44:08,193: ... preparing to launch node of type [gazebo_ros/spawn_model]
[roslaunch][INFO] 2021-06-21 07:44:08,193: create_node_process: package[gazebo_ros] type[spawn_model] machine[Machine(name[] env_loader[None] address[localhost] ssh_port[22] user[None] assignable[True] timeout[10.0])] master_uri[http://localhost:11311]
[roslaunch][INFO] 2021-06-21 07:44:08,193: process[racecar_spawn-4]: env[{'METRICS_S3_OBJECT_KEY': 'custom_files/metric.json', 'ROS_DISTRO': 'kinetic', 'SAGEMAKER_SHARED_S3_BUCKET': 'bucket', 'ROS_VERSION': '1', 'S3_ENDPOINT_URL': 'http://minio:9000', 'ROSLISP_PACKAGE_DIRECTORIES': '', 'ROBOMAKER_RUN_TYPE': 'distributed_training', 'WORLD_NAME': 'AWS_track', 'HOME': '/root', 'MODEL_S3_PREFIX': 'rl-deepracer-sagemaker', 'PATH': '/app/robomaker-deepracer/simulation_ws/install/sagemaker_rl_agent/bin:/opt/ros/kinetic/bin:/usr/local/sbin:/usr/local/bin:/usr/sbin:/usr/bin:/sbin:/bin', 'CMAKE_PREFIX_PATH': '/app/robomaker-deepracer/simulation_ws/install/deepracer_simulation:/opt/ros/kinetic', 'ROS_LOG_FILENAME': '/root/.ros/log/7463028e-d264-11eb-acdd-0242ac120004/roslaunch-c0cf3ac15434-810.log', 'LANG': 'C.UTF-8', 'REWARD_FILE_S3_KEY': 'custom_files/reward.py', 'GPU_AVAILABLE': 'True', 'XAUTHORITY': '/root/.Xauthority', 'SHLVL': '2', 'APP_REGION': 'us-east-1', 'AWS_REGION': 'us-east-1', 'LOCAL_ENV_VAR_JSON_PATH': 'env_vars.json', 'LD_LIBRARY_PATH': '/opt/ros/kinetic/lib:/opt/ros/kinetic/lib/x86_64-linux-gnu', 'BUNDLE_CURRENT_PREFIX': '/app/robomaker-deepracer/simulation_ws/', 'SAGEMAKER_SHARED_S3_PREFIX': 'rl-deepracer-sagemaker', 'DISPLAY_N': ':0', 'TARGET_REWARD_SCORE': '100000', 'NUMBER_OF_EPISODES': '20000', 'METRICS_S3_BUCKET': 'bucket', 'LC_ALL': 'C.UTF-8', 'MINIO_SECRET_KEY': 'miniokey', 'TRAINING_JOB_ARN': 'aaa', 'PYTHONPATH': '/app/robomaker-deepracer/simulation_ws/install/sagemaker_rl_agent/lib/python3.5/site-packages:/app/robomaker-deepracer/simulation_ws/install/deepracer_simulation/lib/python2.7/dist-packages:/opt/ros/kinetic/lib/python2.7/dist-packages', 'AWS_ROBOMAKER_SIMULATION_JOB_ID': 'aaa', 'METRIC_NAMESPACE': 'deepracer', 'ROS_AWS_REGION': 'us-east-1', 'PKG_CONFIG_PATH': '/app/robomaker-deepracer/simulation_ws/install/deepracer_simulation/lib/pkgconfig:/opt/ros/kinetic/lib/pkgconfig:/opt/ros/kinetic/lib/x86_64-linux-gnu/pkgconfig', 'ROS_PACKAGE_PATH': '/app/robomaker-deepracer/simulation_ws/install/deepracer_simulation/share:/opt/ros/kinetic/share', 'ROS_ROOT': '/opt/ros/kinetic/share/ros', 'LOCAL': 'True', 'AWS_ACCESS_KEY_ID': 'minio', '_': '/opt/ros/kinetic/bin/roslaunch', 'METRIC_NAME': 'reward', 'MARKOV_PRESET_FILE': 'deepracer.py', 'AWS_DEFAULT_REGION': 'us-east-1', 'NUMBER_OF_TRIALS': '5', 'DISPLAY': ':0', 'MODEL_METADATA_FILE_S3_KEY': 'custom_files/model_metadata.json', 'MODEL_S3_BUCKET': 'bucket', 'HOSTNAME': 'c0cf3ac15434', 'COLCON_PREFIX_PATH': '/app/robomaker-deepracer/simulation_ws/install', 'MINIO_ACCESS_KEY': 'minio', 'PWD': '/app/robomaker-deepracer/simulation_ws', 'ROS_ETC_DIR': '/opt/ros/kinetic/etc/ros', 'ROS_MASTER_URI': 'http://localhost:11311', 'AWS_SECRET_ACCESS_KEY': 'miniokey', 'ROBOMAKER_SIMULATION_JOB_ACCOUNT_ID': 'aaa'}]
[roslaunch][INFO] 2021-06-21 07:44:08,194: process[racecar_spawn-4]: args[[u'/opt/ros/kinetic/lib/gazebo_ros/spawn_model', '-urdf', '-param', 'robot_description', '-model', 'racecar', '-z', '0.05', u'__name:=racecar_spawn']]
[roslaunch][INFO] 2021-06-21 07:44:08,194: ... created process [racecar_spawn-4]
[roslaunch.pmon][INFO] 2021-06-21 07:44:08,194: ProcessMonitor.register[racecar_spawn-4]
[roslaunch.pmon][INFO] 2021-06-21 07:44:08,194: ProcessMonitor.register[racecar_spawn-4] complete
[roslaunch][INFO] 2021-06-21 07:44:08,194: ... registered process [racecar_spawn-4]
[roslaunch][INFO] 2021-06-21 07:44:08,194: process[racecar_spawn-4]: starting os process
[roslaunch][INFO] 2021-06-21 07:44:08,195: process[racecar_spawn-4]: start w/ args [[u'/opt/ros/kinetic/lib/gazebo_ros/spawn_model', '-urdf', '-param', 'robot_description', '-model', 'racecar', '-z', '0.05', u'__name:=racecar_spawn', u'__log:=/root/.ros/log/7463028e-d264-11eb-acdd-0242ac120004/racecar_spawn-4.log']]
[roslaunch][INFO] 2021-06-21 07:44:08,195: process[racecar_spawn-4]: cwd will be [/root/.ros]
[roslaunch][INFO] 2021-06-21 07:44:08,687: process[racecar_spawn-4]: started with pid [1050]
[roslaunch][INFO] 2021-06-21 07:44:08,687: ... successfully launched [racecar_spawn-4]
[roslaunch][INFO] 2021-06-21 07:44:08,687: ... preparing to launch node of type [controller_manager/spawner]
[roslaunch][INFO] 2021-06-21 07:44:08,687: create_node_process: package[controller_manager] type[spawner] machine[Machine(name[] env_loader[None] address[localhost] ssh_port[22] user[None] assignable[True] timeout[10.0])] master_uri[http://localhost:11311]
[roslaunch][INFO] 2021-06-21 07:44:08,687: process[racecar/controller_manager-5]: env[{'METRICS_S3_OBJECT_KEY': 'custom_files/metric.json', 'ROS_DISTRO': 'kinetic', 'SAGEMAKER_SHARED_S3_BUCKET': 'bucket', 'ROS_VERSION': '1', 'S3_ENDPOINT_URL': 'http://minio:9000', 'ROSLISP_PACKAGE_DIRECTORIES': '', 'ROBOMAKER_RUN_TYPE': 'distributed_training', 'WORLD_NAME': 'AWS_track', 'HOME': '/root', 'MODEL_S3_PREFIX': 'rl-deepracer-sagemaker', 'PATH': '/app/robomaker-deepracer/simulation_ws/install/sagemaker_rl_agent/bin:/opt/ros/kinetic/bin:/usr/local/sbin:/usr/local/bin:/usr/sbin:/usr/bin:/sbin:/bin', 'CMAKE_PREFIX_PATH': '/app/robomaker-deepracer/simulation_ws/install/deepracer_simulation:/opt/ros/kinetic', 'ROS_LOG_FILENAME': '/root/.ros/log/7463028e-d264-11eb-acdd-0242ac120004/roslaunch-c0cf3ac15434-810.log', 'LANG': 'C.UTF-8', 'REWARD_FILE_S3_KEY': 'custom_files/reward.py', 'GPU_AVAILABLE': 'True', 'XAUTHORITY': '/root/.Xauthority', 'SHLVL': '2', 'APP_REGION': 'us-east-1', 'AWS_REGION': 'us-east-1', 'LOCAL_ENV_VAR_JSON_PATH': 'env_vars.json', 'LD_LIBRARY_PATH': '/opt/ros/kinetic/lib:/opt/ros/kinetic/lib/x86_64-linux-gnu', 'BUNDLE_CURRENT_PREFIX': '/app/robomaker-deepracer/simulation_ws/', 'SAGEMAKER_SHARED_S3_PREFIX': 'rl-deepracer-sagemaker', 'DISPLAY_N': ':0', 'TARGET_REWARD_SCORE': '100000', 'NUMBER_OF_EPISODES': '20000', 'METRICS_S3_BUCKET': 'bucket', 'LC_ALL': 'C.UTF-8', 'MINIO_SECRET_KEY': 'miniokey', 'TRAINING_JOB_ARN': 'aaa', 'PYTHONPATH': '/app/robomaker-deepracer/simulation_ws/install/sagemaker_rl_agent/lib/python3.5/site-packages:/app/robomaker-deepracer/simulation_ws/install/deepracer_simulation/lib/python2.7/dist-packages:/opt/ros/kinetic/lib/python2.7/dist-packages', 'AWS_ROBOMAKER_SIMULATION_JOB_ID': 'aaa', 'METRIC_NAMESPACE': 'deepracer', 'ROS_NAMESPACE': u'/racecar', 'ROS_AWS_REGION': 'us-east-1', 'PKG_CONFIG_PATH': '/app/robomaker-deepracer/simulation_ws/install/deepracer_simulation/lib/pkgconfig:/opt/ros/kinetic/lib/pkgconfig:/opt/ros/kinetic/lib/x86_64-linux-gnu/pkgconfig', 'ROS_PACKAGE_PATH': '/app/robomaker-deepracer/simulation_ws/install/deepracer_simulation/share:/opt/ros/kinetic/share', 'ROS_ROOT': '/opt/ros/kinetic/share/ros', 'LOCAL': 'True', 'AWS_ACCESS_KEY_ID': 'minio', '_': '/opt/ros/kinetic/bin/roslaunch', 'METRIC_NAME': 'reward', 'MARKOV_PRESET_FILE': 'deepracer.py', 'AWS_DEFAULT_REGION': 'us-east-1', 'NUMBER_OF_TRIALS': '5', 'DISPLAY': ':0', 'MODEL_METADATA_FILE_S3_KEY': 'custom_files/model_metadata.json', 'MODEL_S3_BUCKET': 'bucket', 'HOSTNAME': 'c0cf3ac15434', 'COLCON_PREFIX_PATH': '/app/robomaker-deepracer/simulation_ws/install', 'MINIO_ACCESS_KEY': 'minio', 'PWD': '/app/robomaker-deepracer/simulation_ws', 'ROS_ETC_DIR': '/opt/ros/kinetic/etc/ros', 'ROS_MASTER_URI': 'http://localhost:11311', 'AWS_SECRET_ACCESS_KEY': 'miniokey', 'ROBOMAKER_SIMULATION_JOB_ACCOUNT_ID': 'aaa'}]
[roslaunch][INFO] 2021-06-21 07:44:08,689: process[racecar/controller_manager-5]: args[[u'/opt/ros/kinetic/lib/controller_manager/spawner', 'left_rear_wheel_velocity_controller', 'right_rear_wheel_velocity_controller', 'left_front_wheel_velocity_controller', 'right_front_wheel_velocity_controller', 'left_steering_hinge_position_controller', 'right_steering_hinge_position_controller', 'joint_state_controller', u'__name:=controller_manager']]
[roslaunch][INFO] 2021-06-21 07:44:08,689: ... created process [racecar/controller_manager-5]
[roslaunch.pmon][INFO] 2021-06-21 07:44:08,689: ProcessMonitor.register[racecar/controller_manager-5]
[roslaunch.pmon][INFO] 2021-06-21 07:44:08,689: ProcessMonitor.register[racecar/controller_manager-5] complete
[roslaunch][INFO] 2021-06-21 07:44:08,689: ... registered process [racecar/controller_manager-5]
[roslaunch][INFO] 2021-06-21 07:44:08,689: process[racecar/controller_manager-5]: starting os process
[roslaunch][INFO] 2021-06-21 07:44:08,690: process[racecar/controller_manager-5]: start w/ args [[u'/opt/ros/kinetic/lib/controller_manager/spawner', 'left_rear_wheel_velocity_controller', 'right_rear_wheel_velocity_controller', 'left_front_wheel_velocity_controller', 'right_front_wheel_velocity_controller', 'left_steering_hinge_position_controller', 'right_steering_hinge_position_controller', 'joint_state_controller', u'__name:=controller_manager', u'__log:=/root/.ros/log/7463028e-d264-11eb-acdd-0242ac120004/racecar-controller_manager-5.log']]
[roslaunch][INFO] 2021-06-21 07:44:08,690: process[racecar/controller_manager-5]: cwd will be [/root/.ros]
[roslaunch][INFO] 2021-06-21 07:44:09,178: process[racecar/controller_manager-5]: started with pid [1288]
[roslaunch][INFO] 2021-06-21 07:44:09,178: ... successfully launched [racecar/controller_manager-5]
[roslaunch][INFO] 2021-06-21 07:44:09,178: ... preparing to launch node of type [robot_state_publisher/robot_state_publisher]
[roslaunch][INFO] 2021-06-21 07:44:09,178: create_node_process: package[robot_state_publisher] type[robot_state_publisher] machine[Machine(name[] env_loader[None] address[localhost] ssh_port[22] user[None] assignable[True] timeout[10.0])] master_uri[http://localhost:11311]
[roslaunch][INFO] 2021-06-21 07:44:09,178: process[robot_state_publisher-6]: env[{'METRICS_S3_OBJECT_KEY': 'custom_files/metric.json', 'ROS_DISTRO': 'kinetic', 'SAGEMAKER_SHARED_S3_BUCKET': 'bucket', 'ROS_VERSION': '1', 'S3_ENDPOINT_URL': 'http://minio:9000', 'ROSLISP_PACKAGE_DIRECTORIES': '', 'ROBOMAKER_RUN_TYPE': 'distributed_training', 'WORLD_NAME': 'AWS_track', 'HOME': '/root', 'MODEL_S3_PREFIX': 'rl-deepracer-sagemaker', 'PATH': '/app/robomaker-deepracer/simulation_ws/install/sagemaker_rl_agent/bin:/opt/ros/kinetic/bin:/usr/local/sbin:/usr/local/bin:/usr/sbin:/usr/bin:/sbin:/bin', 'CMAKE_PREFIX_PATH': '/app/robomaker-deepracer/simulation_ws/install/deepracer_simulation:/opt/ros/kinetic', 'ROS_LOG_FILENAME': '/root/.ros/log/7463028e-d264-11eb-acdd-0242ac120004/roslaunch-c0cf3ac15434-810.log', 'LANG': 'C.UTF-8', 'REWARD_FILE_S3_KEY': 'custom_files/reward.py', 'GPU_AVAILABLE': 'True', 'XAUTHORITY': '/root/.Xauthority', 'SHLVL': '2', 'APP_REGION': 'us-east-1', 'AWS_REGION': 'us-east-1', 'LOCAL_ENV_VAR_JSON_PATH': 'env_vars.json', 'LD_LIBRARY_PATH': '/opt/ros/kinetic/lib:/opt/ros/kinetic/lib/x86_64-linux-gnu', 'BUNDLE_CURRENT_PREFIX': '/app/robomaker-deepracer/simulation_ws/', 'SAGEMAKER_SHARED_S3_PREFIX': 'rl-deepracer-sagemaker', 'DISPLAY_N': ':0', 'TARGET_REWARD_SCORE': '100000', 'NUMBER_OF_EPISODES': '20000', 'METRICS_S3_BUCKET': 'bucket', 'LC_ALL': 'C.UTF-8', 'MINIO_SECRET_KEY': 'miniokey', 'TRAINING_JOB_ARN': 'aaa', 'PYTHONPATH': '/app/robomaker-deepracer/simulation_ws/install/sagemaker_rl_agent/lib/python3.5/site-packages:/app/robomaker-deepracer/simulation_ws/install/deepracer_simulation/lib/python2.7/dist-packages:/opt/ros/kinetic/lib/python2.7/dist-packages', 'AWS_ROBOMAKER_SIMULATION_JOB_ID': 'aaa', 'METRIC_NAMESPACE': 'deepracer', 'ROS_AWS_REGION': 'us-east-1', 'PKG_CONFIG_PATH': '/app/robomaker-deepracer/simulation_ws/install/deepracer_simulation/lib/pkgconfig:/opt/ros/kinetic/lib/pkgconfig:/opt/ros/kinetic/lib/x86_64-linux-gnu/pkgconfig', 'ROS_PACKAGE_PATH': '/app/robomaker-deepracer/simulation_ws/install/deepracer_simulation/share:/opt/ros/kinetic/share', 'ROS_ROOT': '/opt/ros/kinetic/share/ros', 'LOCAL': 'True', 'AWS_ACCESS_KEY_ID': 'minio', '_': '/opt/ros/kinetic/bin/roslaunch', 'METRIC_NAME': 'reward', 'MARKOV_PRESET_FILE': 'deepracer.py', 'AWS_DEFAULT_REGION': 'us-east-1', 'NUMBER_OF_TRIALS': '5', 'DISPLAY': ':0', 'MODEL_METADATA_FILE_S3_KEY': 'custom_files/model_metadata.json', 'MODEL_S3_BUCKET': 'bucket', 'HOSTNAME': 'c0cf3ac15434', 'COLCON_PREFIX_PATH': '/app/robomaker-deepracer/simulation_ws/install', 'MINIO_ACCESS_KEY': 'minio', 'PWD': '/app/robomaker-deepracer/simulation_ws', 'ROS_ETC_DIR': '/opt/ros/kinetic/etc/ros', 'ROS_MASTER_URI': 'http://localhost:11311', 'AWS_SECRET_ACCESS_KEY': 'miniokey', 'ROBOMAKER_SIMULATION_JOB_ACCOUNT_ID': 'aaa'}]
[roslaunch][INFO] 2021-06-21 07:44:09,179: process[robot_state_publisher-6]: args[[u'/opt/ros/kinetic/lib/robot_state_publisher/robot_state_publisher', u'/joint_states:=/racecar/joint_states', u'__name:=robot_state_publisher']]
[roslaunch][INFO] 2021-06-21 07:44:09,179: ... created process [robot_state_publisher-6]
[roslaunch.pmon][INFO] 2021-06-21 07:44:09,179: ProcessMonitor.register[robot_state_publisher-6]
[roslaunch.pmon][INFO] 2021-06-21 07:44:09,180: ProcessMonitor.register[robot_state_publisher-6] complete
[roslaunch][INFO] 2021-06-21 07:44:09,180: ... registered process [robot_state_publisher-6]
[roslaunch][INFO] 2021-06-21 07:44:09,180: process[robot_state_publisher-6]: starting os process
[roslaunch][INFO] 2021-06-21 07:44:09,180: process[robot_state_publisher-6]: start w/ args [[u'/opt/ros/kinetic/lib/robot_state_publisher/robot_state_publisher', u'/joint_states:=/racecar/joint_states', u'__name:=robot_state_publisher', u'__log:=/root/.ros/log/7463028e-d264-11eb-acdd-0242ac120004/robot_state_publisher-6.log']]
[roslaunch][INFO] 2021-06-21 07:44:09,180: process[robot_state_publisher-6]: cwd will be [/root/.ros]
[roslaunch][INFO] 2021-06-21 07:44:09,662: process[robot_state_publisher-6]: started with pid [1295]
[roslaunch][INFO] 2021-06-21 07:44:09,662: ... successfully launched [robot_state_publisher-6]
[roslaunch][INFO] 2021-06-21 07:44:09,663: ... preparing to launch node of type [deepracer_simulation/car_node.py]
[roslaunch][INFO] 2021-06-21 07:44:09,663: create_node_process: package[deepracer_simulation] type[car_node.py] machine[Machine(name[] env_loader[None] address[localhost] ssh_port[22] user[None] assignable[True] timeout[10.0])] master_uri[http://localhost:11311]
[roslaunch][INFO] 2021-06-21 07:44:09,663: process[car_reset_node-7]: env[{'METRICS_S3_OBJECT_KEY': 'custom_files/metric.json', 'ROS_DISTRO': 'kinetic', 'SAGEMAKER_SHARED_S3_BUCKET': 'bucket', 'ROS_VERSION': '1', 'S3_ENDPOINT_URL': 'http://minio:9000', 'ROSLISP_PACKAGE_DIRECTORIES': '', 'ROBOMAKER_RUN_TYPE': 'distributed_training', 'WORLD_NAME': 'AWS_track', 'HOME': '/root', 'MODEL_S3_PREFIX': 'rl-deepracer-sagemaker', 'PATH': '/app/robomaker-deepracer/simulation_ws/install/sagemaker_rl_agent/bin:/opt/ros/kinetic/bin:/usr/local/sbin:/usr/local/bin:/usr/sbin:/usr/bin:/sbin:/bin', 'CMAKE_PREFIX_PATH': '/app/robomaker-deepracer/simulation_ws/install/deepracer_simulation:/opt/ros/kinetic', 'ROS_LOG_FILENAME': '/root/.ros/log/7463028e-d264-11eb-acdd-0242ac120004/roslaunch-c0cf3ac15434-810.log', 'LANG': 'C.UTF-8', 'REWARD_FILE_S3_KEY': 'custom_files/reward.py', 'GPU_AVAILABLE': 'True', 'XAUTHORITY': '/root/.Xauthority', 'SHLVL': '2', 'APP_REGION': 'us-east-1', 'AWS_REGION': 'us-east-1', 'LOCAL_ENV_VAR_JSON_PATH': 'env_vars.json', 'LD_LIBRARY_PATH': '/opt/ros/kinetic/lib:/opt/ros/kinetic/lib/x86_64-linux-gnu', 'BUNDLE_CURRENT_PREFIX': '/app/robomaker-deepracer/simulation_ws/', 'SAGEMAKER_SHARED_S3_PREFIX': 'rl-deepracer-sagemaker', 'DISPLAY_N': ':0', 'TARGET_REWARD_SCORE': '100000', 'NUMBER_OF_EPISODES': '20000', 'METRICS_S3_BUCKET': 'bucket', 'LC_ALL': 'C.UTF-8', 'MINIO_SECRET_KEY': 'miniokey', 'TRAINING_JOB_ARN': 'aaa', 'PYTHONPATH': '/app/robomaker-deepracer/simulation_ws/install/sagemaker_rl_agent/lib/python3.5/site-packages:/app/robomaker-deepracer/simulation_ws/install/deepracer_simulation/lib/python2.7/dist-packages:/opt/ros/kinetic/lib/python2.7/dist-packages', 'AWS_ROBOMAKER_SIMULATION_JOB_ID': 'aaa', 'METRIC_NAMESPACE': 'deepracer', 'ROS_AWS_REGION': 'us-east-1', 'PKG_CONFIG_PATH': '/app/robomaker-deepracer/simulation_ws/install/deepracer_simulation/lib/pkgconfig:/opt/ros/kinetic/lib/pkgconfig:/opt/ros/kinetic/lib/x86_64-linux-gnu/pkgconfig', 'ROS_PACKAGE_PATH': '/app/robomaker-deepracer/simulation_ws/install/deepracer_simulation/share:/opt/ros/kinetic/share', 'ROS_ROOT': '/opt/ros/kinetic/share/ros', 'LOCAL': 'True', 'AWS_ACCESS_KEY_ID': 'minio', '_': '/opt/ros/kinetic/bin/roslaunch', 'METRIC_NAME': 'reward', 'MARKOV_PRESET_FILE': 'deepracer.py', 'AWS_DEFAULT_REGION': 'us-east-1', 'NUMBER_OF_TRIALS': '5', 'DISPLAY': ':0', 'MODEL_METADATA_FILE_S3_KEY': 'custom_files/model_metadata.json', 'MODEL_S3_BUCKET': 'bucket', 'HOSTNAME': 'c0cf3ac15434', 'COLCON_PREFIX_PATH': '/app/robomaker-deepracer/simulation_ws/install', 'MINIO_ACCESS_KEY': 'minio', 'PWD': '/app/robomaker-deepracer/simulation_ws', 'ROS_ETC_DIR': '/opt/ros/kinetic/etc/ros', 'ROS_MASTER_URI': 'http://localhost:11311', 'AWS_SECRET_ACCESS_KEY': 'miniokey', 'ROBOMAKER_SIMULATION_JOB_ACCOUNT_ID': 'aaa'}]
[roslaunch][INFO] 2021-06-21 07:44:09,675: process[car_reset_node-7]: args[[u'/app/robomaker-deepracer/simulation_ws/install/deepracer_simulation/lib/deepracer_simulation/car_node.py', u'__name:=car_reset_node']]
[roslaunch][INFO] 2021-06-21 07:44:09,675: ... created process [car_reset_node-7]
[roslaunch.pmon][INFO] 2021-06-21 07:44:09,675: ProcessMonitor.register[car_reset_node-7]
[roslaunch.pmon][INFO] 2021-06-21 07:44:09,676: ProcessMonitor.register[car_reset_node-7] complete
[roslaunch][INFO] 2021-06-21 07:44:09,676: ... registered process [car_reset_node-7]
[roslaunch][INFO] 2021-06-21 07:44:09,676: process[car_reset_node-7]: starting os process
[roslaunch][INFO] 2021-06-21 07:44:09,676: process[car_reset_node-7]: start w/ args [[u'/app/robomaker-deepracer/simulation_ws/install/deepracer_simulation/lib/deepracer_simulation/car_node.py', u'__name:=car_reset_node', u'__log:=/root/.ros/log/7463028e-d264-11eb-acdd-0242ac120004/car_reset_node-7.log']]
[roslaunch][INFO] 2021-06-21 07:44:09,676: process[car_reset_node-7]: cwd will be [/root/.ros]
[roslaunch][INFO] 2021-06-21 07:44:09,701: [racecar_spawn-4] process has finished cleanly
log file: /root/.ros/log/7463028e-d264-11eb-acdd-0242ac120004/racecar_spawn-4*.log
[roslaunch.pmon][INFO] 2021-06-21 07:44:09,701: ProcessMonitor.unregister[racecar_spawn-4] starting
[roslaunch.pmon][INFO] 2021-06-21 07:44:09,701: ProcessMonitor.unregister[racecar_spawn-4] complete
[roslaunch][INFO] 2021-06-21 07:44:10,162: process[car_reset_node-7]: started with pid [1337]
[roslaunch][INFO] 2021-06-21 07:44:10,162: ... successfully launched [car_reset_node-7]
[roslaunch][INFO] 2021-06-21 07:44:10,162: ... preparing to launch node of type [topic_tools/relay]
[roslaunch][INFO] 2021-06-21 07:44:10,162: create_node_process: package[topic_tools] type[relay] machine[Machine(name[] env_loader[None] address[localhost] ssh_port[22] user[None] assignable[True] timeout[10.0])] master_uri[http://localhost:11311]
[roslaunch][INFO] 2021-06-21 07:44:10,162: process[better_odom-8]: env[{'METRICS_S3_OBJECT_KEY': 'custom_files/metric.json', 'ROS_DISTRO': 'kinetic', 'SAGEMAKER_SHARED_S3_BUCKET': 'bucket', 'ROS_VERSION': '1', 'S3_ENDPOINT_URL': 'http://minio:9000', 'ROSLISP_PACKAGE_DIRECTORIES': '', 'ROBOMAKER_RUN_TYPE': 'distributed_training', 'WORLD_NAME': 'AWS_track', 'HOME': '/root', 'MODEL_S3_PREFIX': 'rl-deepracer-sagemaker', 'PATH': '/app/robomaker-deepracer/simulation_ws/install/sagemaker_rl_agent/bin:/opt/ros/kinetic/bin:/usr/local/sbin:/usr/local/bin:/usr/sbin:/usr/bin:/sbin:/bin', 'CMAKE_PREFIX_PATH': '/app/robomaker-deepracer/simulation_ws/install/deepracer_simulation:/opt/ros/kinetic', 'ROS_LOG_FILENAME': '/root/.ros/log/7463028e-d264-11eb-acdd-0242ac120004/roslaunch-c0cf3ac15434-810.log', 'LANG': 'C.UTF-8', 'REWARD_FILE_S3_KEY': 'custom_files/reward.py', 'GPU_AVAILABLE': 'True', 'XAUTHORITY': '/root/.Xauthority', 'SHLVL': '2', 'APP_REGION': 'us-east-1', 'AWS_REGION': 'us-east-1', 'LOCAL_ENV_VAR_JSON_PATH': 'env_vars.json', 'LD_LIBRARY_PATH': '/opt/ros/kinetic/lib:/opt/ros/kinetic/lib/x86_64-linux-gnu', 'BUNDLE_CURRENT_PREFIX': '/app/robomaker-deepracer/simulation_ws/', 'SAGEMAKER_SHARED_S3_PREFIX': 'rl-deepracer-sagemaker', 'DISPLAY_N': ':0', 'TARGET_REWARD_SCORE': '100000', 'NUMBER_OF_EPISODES': '20000', 'METRICS_S3_BUCKET': 'bucket', 'LC_ALL': 'C.UTF-8', 'MINIO_SECRET_KEY': 'miniokey', 'TRAINING_JOB_ARN': 'aaa', 'PYTHONPATH': '/app/robomaker-deepracer/simulation_ws/install/sagemaker_rl_agent/lib/python3.5/site-packages:/app/robomaker-deepracer/simulation_ws/install/deepracer_simulation/lib/python2.7/dist-packages:/opt/ros/kinetic/lib/python2.7/dist-packages', 'AWS_ROBOMAKER_SIMULATION_JOB_ID': 'aaa', 'METRIC_NAMESPACE': 'deepracer', 'ROS_AWS_REGION': 'us-east-1', 'PKG_CONFIG_PATH': '/app/robomaker-deepracer/simulation_ws/install/deepracer_simulation/lib/pkgconfig:/opt/ros/kinetic/lib/pkgconfig:/opt/ros/kinetic/lib/x86_64-linux-gnu/pkgconfig', 'ROS_PACKAGE_PATH': '/app/robomaker-deepracer/simulation_ws/install/deepracer_simulation/share:/opt/ros/kinetic/share', 'ROS_ROOT': '/opt/ros/kinetic/share/ros', 'LOCAL': 'True', 'AWS_ACCESS_KEY_ID': 'minio', '_': '/opt/ros/kinetic/bin/roslaunch', 'METRIC_NAME': 'reward', 'MARKOV_PRESET_FILE': 'deepracer.py', 'AWS_DEFAULT_REGION': 'us-east-1', 'NUMBER_OF_TRIALS': '5', 'DISPLAY': ':0', 'MODEL_METADATA_FILE_S3_KEY': 'custom_files/model_metadata.json', 'MODEL_S3_BUCKET': 'bucket', 'HOSTNAME': 'c0cf3ac15434', 'COLCON_PREFIX_PATH': '/app/robomaker-deepracer/simulation_ws/install', 'MINIO_ACCESS_KEY': 'minio', 'PWD': '/app/robomaker-deepracer/simulation_ws', 'ROS_ETC_DIR': '/opt/ros/kinetic/etc/ros', 'ROS_MASTER_URI': 'http://localhost:11311', 'AWS_SECRET_ACCESS_KEY': 'miniokey', 'ROBOMAKER_SIMULATION_JOB_ACCOUNT_ID': 'aaa'}]
[roslaunch][INFO] 2021-06-21 07:44:10,164: process[better_odom-8]: args[[u'/opt/ros/kinetic/lib/topic_tools/relay', '/vesc/odom', '/pf/pose/odom', u'__name:=better_odom']]
[roslaunch][INFO] 2021-06-21 07:44:10,164: ... created process [better_odom-8]
[roslaunch.pmon][INFO] 2021-06-21 07:44:10,164: ProcessMonitor.register[better_odom-8]
[roslaunch.pmon][INFO] 2021-06-21 07:44:10,164: ProcessMonitor.register[better_odom-8] complete
[roslaunch][INFO] 2021-06-21 07:44:10,164: ... registered process [better_odom-8]
[roslaunch][INFO] 2021-06-21 07:44:10,164: process[better_odom-8]: starting os process
[roslaunch][INFO] 2021-06-21 07:44:10,164: process[better_odom-8]: start w/ args [[u'/opt/ros/kinetic/lib/topic_tools/relay', '/vesc/odom', '/pf/pose/odom', u'__name:=better_odom', u'__log:=/root/.ros/log/7463028e-d264-11eb-acdd-0242ac120004/better_odom-8.log']]
[roslaunch][INFO] 2021-06-21 07:44:10,164: process[better_odom-8]: cwd will be [/root/.ros]
[roslaunch][INFO] 2021-06-21 07:44:10,676: process[better_odom-8]: started with pid [1520]
[roslaunch][INFO] 2021-06-21 07:44:10,676: ... successfully launched [better_odom-8]
[roslaunch][INFO] 2021-06-21 07:44:10,676: ... preparing to launch node of type [deepracer_simulation/run_rollout_rl_agent.sh]
[roslaunch][INFO] 2021-06-21 07:44:10,676: create_node_process: package[deepracer_simulation] type[run_rollout_rl_agent.sh] machine[Machine(name[] env_loader[None] address[localhost] ssh_port[22] user[None] assignable[True] timeout[10.0])] master_uri[http://localhost:11311]
[roslaunch][INFO] 2021-06-21 07:44:10,676: process[agent-9]: env[{'METRICS_S3_OBJECT_KEY': 'custom_files/metric.json', 'ROS_DISTRO': 'kinetic', 'SAGEMAKER_SHARED_S3_BUCKET': 'bucket', 'ROS_VERSION': '1', 'S3_ENDPOINT_URL': 'http://minio:9000', 'ROSLISP_PACKAGE_DIRECTORIES': '', 'ROBOMAKER_RUN_TYPE': 'distributed_training', 'WORLD_NAME': 'AWS_track', 'HOME': '/root', 'MODEL_S3_PREFIX': 'rl-deepracer-sagemaker', 'PATH': '/app/robomaker-deepracer/simulation_ws/install/sagemaker_rl_agent/bin:/opt/ros/kinetic/bin:/usr/local/sbin:/usr/local/bin:/usr/sbin:/usr/bin:/sbin:/bin', 'CMAKE_PREFIX_PATH': '/app/robomaker-deepracer/simulation_ws/install/deepracer_simulation:/opt/ros/kinetic', 'ROS_LOG_FILENAME': '/root/.ros/log/7463028e-d264-11eb-acdd-0242ac120004/roslaunch-c0cf3ac15434-810.log', 'LANG': 'C.UTF-8', 'REWARD_FILE_S3_KEY': 'custom_files/reward.py', 'GPU_AVAILABLE': 'True', 'XAUTHORITY': '/root/.Xauthority', 'SHLVL': '2', 'APP_REGION': 'us-east-1', 'AWS_REGION': 'us-east-1', 'LOCAL_ENV_VAR_JSON_PATH': 'env_vars.json', 'LD_LIBRARY_PATH': '/opt/ros/kinetic/lib:/opt/ros/kinetic/lib/x86_64-linux-gnu', 'BUNDLE_CURRENT_PREFIX': '/app/robomaker-deepracer/simulation_ws/', 'SAGEMAKER_SHARED_S3_PREFIX': 'rl-deepracer-sagemaker', 'DISPLAY_N': ':0', 'TARGET_REWARD_SCORE': '100000', 'NUMBER_OF_EPISODES': '20000', 'METRICS_S3_BUCKET': 'bucket', 'LC_ALL': 'C.UTF-8', 'MINIO_SECRET_KEY': 'miniokey', 'TRAINING_JOB_ARN': 'aaa', 'PYTHONPATH': '/app/robomaker-deepracer/simulation_ws/install/sagemaker_rl_agent/lib/python3.5/site-packages:/app/robomaker-deepracer/simulation_ws/install/deepracer_simulation/lib/python2.7/dist-packages:/opt/ros/kinetic/lib/python2.7/dist-packages', 'AWS_ROBOMAKER_SIMULATION_JOB_ID': 'aaa', 'METRIC_NAMESPACE': 'deepracer', 'ROS_AWS_REGION': 'us-east-1', 'PKG_CONFIG_PATH': '/app/robomaker-deepracer/simulation_ws/install/deepracer_simulation/lib/pkgconfig:/opt/ros/kinetic/lib/pkgconfig:/opt/ros/kinetic/lib/x86_64-linux-gnu/pkgconfig', 'ROS_PACKAGE_PATH': '/app/robomaker-deepracer/simulation_ws/install/deepracer_simulation/share:/opt/ros/kinetic/share', 'ROS_ROOT': '/opt/ros/kinetic/share/ros', 'LOCAL': 'True', 'AWS_ACCESS_KEY_ID': 'minio', '_': '/opt/ros/kinetic/bin/roslaunch', 'METRIC_NAME': 'reward', 'MARKOV_PRESET_FILE': 'deepracer.py', 'AWS_DEFAULT_REGION': 'us-east-1', 'NUMBER_OF_TRIALS': '5', 'DISPLAY': ':0', 'MODEL_METADATA_FILE_S3_KEY': 'custom_files/model_metadata.json', 'MODEL_S3_BUCKET': 'bucket', 'HOSTNAME': 'c0cf3ac15434', 'COLCON_PREFIX_PATH': '/app/robomaker-deepracer/simulation_ws/install', 'MINIO_ACCESS_KEY': 'minio', 'PWD': '/app/robomaker-deepracer/simulation_ws', 'ROS_ETC_DIR': '/opt/ros/kinetic/etc/ros', 'ROS_MASTER_URI': 'http://localhost:11311', 'AWS_SECRET_ACCESS_KEY': 'miniokey', 'ROBOMAKER_SIMULATION_JOB_ACCOUNT_ID': 'aaa'}]
[roslaunch][INFO] 2021-06-21 07:44:10,692: process[agent-9]: args[[u'/app/robomaker-deepracer/simulation_ws/install/deepracer_simulation/lib/deepracer_simulation/run_rollout_rl_agent.sh', u'__name:=agent']]
[roslaunch][INFO] 2021-06-21 07:44:10,692: ... created process [agent-9]
[roslaunch.pmon][INFO] 2021-06-21 07:44:10,692: ProcessMonitor.register[agent-9]
[roslaunch.pmon][INFO] 2021-06-21 07:44:10,692: ProcessMonitor.register[agent-9] complete
[roslaunch][INFO] 2021-06-21 07:44:10,692: ... registered process [agent-9]
[roslaunch][INFO] 2021-06-21 07:44:10,693: process[agent-9]: starting os process
[roslaunch][INFO] 2021-06-21 07:44:10,693: process[agent-9]: start w/ args [[u'/app/robomaker-deepracer/simulation_ws/install/deepracer_simulation/lib/deepracer_simulation/run_rollout_rl_agent.sh', u'__name:=agent', u'__log:=/root/.ros/log/7463028e-d264-11eb-acdd-0242ac120004/agent-9.log']]
[roslaunch][INFO] 2021-06-21 07:44:10,693: process[agent-9]: cwd will be [/root/.ros]
[roslaunch][INFO] 2021-06-21 07:44:11,209: process[agent-9]: started with pid [1807]
[roslaunch][INFO] 2021-06-21 07:44:11,209: ... successfully launched [agent-9]
[roslaunch][INFO] 2021-06-21 07:44:11,209: ... launch_nodes complete
[roslaunch.pmon][INFO] 2021-06-21 07:44:11,210: registrations completed <ProcessMonitor(ProcessMonitor-1, started daemon 139902392006400)>
[roslaunch.parent][INFO] 2021-06-21 07:44:11,210: ... roslaunch parent running, waiting for process exit
[roslaunch][INFO] 2021-06-21 07:44:11,210: spin
[roslaunch][ERROR] 2021-06-21 07:54:27,842: ================================================================================REQUIRED process [agent-9] has died!
process has died [pid 1807, exit code 1, cmd /app/robomaker-deepracer/simulation_ws/install/deepracer_simulation/lib/deepracer_simulation/run_rollout_rl_agent.sh __name:=agent __log:=/root/.ros/log/7463028e-d264-11eb-acdd-0242ac120004/agent-9.log].
log file: /root/.ros/log/7463028e-d264-11eb-acdd-0242ac120004/agent-9*.log
Initiating shutdown!
================================================================================
[roslaunch.pmon][INFO] 2021-06-21 07:54:27,942: ProcessMonitor._post_run <ProcessMonitor(ProcessMonitor-1, started daemon 139902392006400)>
[roslaunch.pmon][INFO] 2021-06-21 07:54:27,942: ProcessMonitor._post_run <ProcessMonitor(ProcessMonitor-1, started daemon 139902392006400)>: remaining procs are [<roslaunch.nodeprocess.LocalProcess object at 0x7f3d9081b450>, <roslaunch.nodeprocess.LocalProcess object at 0x7f3d9081bf50>, <roslaunch.nodeprocess.LocalProcess object at 0x7f3d908bbc90>, <roslaunch.nodeprocess.LocalProcess object at 0x7f3d908bbf50>, <roslaunch.nodeprocess.LocalProcess object at 0x7f3d908bbe10>, <roslaunch.nodeprocess.LocalProcess object at 0x7f3d908bbb90>, <roslaunch.nodeprocess.LocalProcess object at 0x7f3d90821890>, <roslaunch.nodeprocess.LocalProcess object at 0x7f3d90821e10>, <roslaunch.nodeprocess.LocalProcess object at 0x7f3d9081bf90>]
[roslaunch.pmon][INFO] 2021-06-21 07:54:27,943: ProcessMonitor exit: killing agent-9
[roslaunch][INFO] 2021-06-21 07:54:27,943: [agent-9] killing on exit
[roslaunch.pmon][INFO] 2021-06-21 07:54:27,943: ProcessMonitor exit: killing better_odom-8
[roslaunch.pmon][INFO] 2021-06-21 07:54:27,943: ProcessMonitor exit: killing car_reset_node-7
[roslaunch][INFO] 2021-06-21 07:54:27,944: [car_reset_node-7] killing on exit
[roslaunch][INFO] 2021-06-21 07:54:27,944: [better_odom-8] killing on exit
[roslaunch.pmon][INFO] 2021-06-21 07:54:27,944: ProcessMonitor exit: killing racecar/controller_manager-5
[roslaunch.pmon][INFO] 2021-06-21 07:54:27,944: ProcessMonitor exit: killing robot_state_publisher-6
[roslaunch.pmon][INFO] 2021-06-21 07:54:27,944: ProcessMonitor exit: killing gazebo_gui-3
[roslaunch][INFO] 2021-06-21 07:54:27,944: process[car_reset_node-7]: killing os process with pid[1337] pgid[1337]
[roslaunch.pmon][INFO] 2021-06-21 07:54:27,945: ProcessMonitor exit: killing gazebo-2
[roslaunch][INFO] 2021-06-21 07:54:27,945: process[better_odom-8]: killing os process with pid[1520] pgid[1520]
[roslaunch][INFO] 2021-06-21 07:54:27,945: [racecar/controller_manager-5] killing on exit
[roslaunch][INFO] 2021-06-21 07:54:27,945: [robot_state_publisher-6] killing on exit
[roslaunch][INFO] 2021-06-21 07:54:27,945: [gazebo_gui-3] killing on exit
[roslaunch][INFO] 2021-06-21 07:54:27,946: [car_reset_node-7] sending SIGINT to pgid [1337]
[roslaunch][INFO] 2021-06-21 07:54:27,946: [gazebo-2] killing on exit
[roslaunch][INFO] 2021-06-21 07:54:27,946: [better_odom-8] sending SIGINT to pgid [1520]
[roslaunch][INFO] 2021-06-21 07:54:27,946: process[racecar/controller_manager-5]: killing os process with pid[1288] pgid[1288]
[roslaunch][INFO] 2021-06-21 07:54:27,946: process[robot_state_publisher-6]: killing os process with pid[1295] pgid[1295]
[roslaunch][INFO] 2021-06-21 07:54:27,946: process[gazebo_gui-3]: killing os process with pid[962] pgid[962]
[roslaunch][INFO] 2021-06-21 07:54:27,946: [car_reset_node-7] sent SIGINT to pgid [1337]
[roslaunch][INFO] 2021-06-21 07:54:27,946: process[gazebo-2]: killing os process with pid[957] pgid[957]
[roslaunch][INFO] 2021-06-21 07:54:27,947: [better_odom-8] sent SIGINT to pgid [1520]
[roslaunch][INFO] 2021-06-21 07:54:27,947: [racecar/controller_manager-5] sending SIGINT to pgid [1288]
[roslaunch][INFO] 2021-06-21 07:54:27,947: [robot_state_publisher-6] sending SIGINT to pgid [1295]
[roslaunch][INFO] 2021-06-21 07:54:27,947: [gazebo_gui-3] sending SIGINT to pgid [962]
[roslaunch][INFO] 2021-06-21 07:54:27,947: [gazebo-2] sending SIGINT to pgid [957]
[roslaunch][INFO] 2021-06-21 07:54:27,947: [racecar/controller_manager-5] sent SIGINT to pgid [1288]
[roslaunch][INFO] 2021-06-21 07:54:27,947: [robot_state_publisher-6] sent SIGINT to pgid [1295]
[roslaunch][INFO] 2021-06-21 07:54:27,948: [gazebo_gui-3] sent SIGINT to pgid [962]
[roslaunch][INFO] 2021-06-21 07:54:27,948: [gazebo-2] sent SIGINT to pgid [957]
[roslaunch][INFO] 2021-06-21 07:54:28,063: process[robot_state_publisher-6]: SIGINT killed with return value 0
[roslaunch][INFO] 2021-06-21 07:54:28,147: process[car_reset_node-7]: SIGINT killed with return value 0
[roslaunch][INFO] 2021-06-21 07:54:28,148: process[better_odom-8]: SIGINT killed with return value 0
[roslaunch][INFO] 2021-06-21 07:54:28,464: process[gazebo_gui-3]: SIGINT killed with return value -2
[roslaunch][ERROR] 2021-06-21 07:54:42,975: [racecar/controller_manager-5] escalating to SIGTERM
[roslaunch][INFO] 2021-06-21 07:54:42,976: [racecar/controller_manager-5] sent SIGTERM to pgid [1288]
[roslaunch][ERROR] 2021-06-21 07:54:42,990: [gazebo-2] escalating to SIGTERM
[roslaunch][INFO] 2021-06-21 07:54:42,991: [gazebo-2] sent SIGTERM to pgid [957]
[roslaunch][INFO] 2021-06-21 07:54:42,991: process[gazebo-2]: SIGTERM killed with return value -15
[roslaunch][INFO] 2021-06-21 07:54:43,177: process[racecar/controller_manager-5]: SIGTERM killed with return value 0
[roslaunch.pmon][INFO] 2021-06-21 07:54:43,177: ProcessMonitor exit: killing rosout-1
[roslaunch][INFO] 2021-06-21 07:54:43,177: [rosout-1] killing on exit
[roslaunch][INFO] 2021-06-21 07:54:43,177: process[rosout-1]: killing os process with pid[909] pgid[909]
[roslaunch][INFO] 2021-06-21 07:54:43,177: [rosout-1] sending SIGINT to pgid [909]
[roslaunch][INFO] 2021-06-21 07:54:43,177: [rosout-1] sent SIGINT to pgid [909]
[roslaunch][INFO] 2021-06-21 07:54:43,378: process[rosout-1]: SIGINT killed with return value 0
[roslaunch.pmon][INFO] 2021-06-21 07:54:43,378: ProcessMonitor exit: killing master
[roslaunch][INFO] 2021-06-21 07:54:43,379: [master] killing on exit
[roslaunch][INFO] 2021-06-21 07:54:43,379: process[master]: killing os process with pid[859] pgid[859]
[roslaunch][INFO] 2021-06-21 07:54:43,379: [master] sending SIGINT to pgid [859]
[roslaunch][INFO] 2021-06-21 07:54:43,380: [master] sent SIGINT to pgid [859]
[roslaunch][INFO] 2021-06-21 07:54:43,580: process[master]: SIGINT killed with return value 0
[roslaunch.pmon][INFO] 2021-06-21 07:54:43,581: ProcessMonitor exit: cleaning up data structures and signals
[roslaunch.pmon][INFO] 2021-06-21 07:54:43,581: ProcessMonitor exit: pmon has shutdown
[roslaunch][INFO] 2021-06-21 07:54:43,643: process monitor is done spinning, initiating full shutdown
[roslaunch][INFO] 2021-06-21 07:54:43,644: runner.stop()
[roslaunch][INFO] 2021-06-21 07:54:43,644: shutting down processing monitor...
[roslaunch][INFO] 2021-06-21 07:54:43,644: shutting down processing monitor <ProcessMonitor(ProcessMonitor-1, stopped daemon 139902392006400)>
[roslaunch.pmon][INFO] 2021-06-21 07:54:43,645: ProcessMonitor.shutdown <ProcessMonitor(ProcessMonitor-1, stopped daemon 139902392006400)>
[roslaunch][INFO] 2021-06-21 07:54:43,645: ... shutting down processing monitor complete
[roslaunch][INFO] 2021-06-21 07:54:43,645: done
[roslaunch.pmon][INFO] 2021-06-21 07:54:43,646: ProcessMonitor.shutdown <ProcessMonitor(ProcessMonitor-1, stopped daemon 139902392006400)>
[rospy.core][INFO] 2021-06-21 07:54:43,646: signal_shutdown [atexit]
